INFO: [HLS 200-10] Running '/opt/Xilinx/Vivado_HLS/2017.2/bin/unwrapped/lnx64.o/vivado_hls'
INFO: [HLS 200-10] For user 'yagiyugo' on host 'yagiyugo-ILeDxi-M037' (Linux_x86_64 version 4.15.0-36-generic) on Wed Nov 14 19:10:58 JST 2018
INFO: [HLS 200-10] On os Ubuntu 16.04.5 LTS
INFO: [HLS 200-10] In directory '/home/yagiyugo/vivado'
INFO: [HLS 200-10] Opening project '/home/yagiyugo/vivado/lenet5_ap2'.
INFO: [HLS 200-10] Opening solution '/home/yagiyugo/vivado/lenet5_ap2/solution1'.
INFO: [SYN 201-201] Setting up clock 'default' with a period of 10ns.
INFO: [HLS 200-10] Setting target device to 'xc7z020clg484-1'
INFO: [SIM 211-2] *************** CSIM start ***************
INFO: [SIM 211-4] CSIM will launch GCC as the compiler.
   Compiling ../../../source/lenet5_ap2_tb.cpp in release mode
   Compiling ../../../source/func.cpp in release mode
   Compiling ../../../source/init.cpp in release mode
   Compiling ../../../source/lenet5_ap2.cpp in release mode
   Generating csim.exe
../../../source/lenet5_ap2_tb.cpp: In function ‘int main()’:
../../../source/lenet5_ap2_tb.cpp:71:49: warning: deprecated conversion from string constant to ‘char*’ [-Wwrite-strings]
../../../source/lenet5_ap2_tb.cpp:72:45: warning: deprecated conversion from string constant to ‘char*’ [-Wwrite-strings]
../../../source/lenet5_ap2_tb.cpp:73:47: warning: deprecated conversion from string constant to ‘char*’ [-Wwrite-strings]
Initializing...
Initialize Finished!
----------Epoch1----------
accuracy:97/100
----------Epoch2----------
accuracy:195/200
----------Epoch3----------
accuracy:294/300
----------Epoch4----------
accuracy:393/400
----------Epoch5----------
accuracy:489/500
----------Epoch6----------
accuracy:588/600
----------Epoch7----------
accuracy:685/700
----------Epoch8----------
accuracy:779/800
----------Epoch9----------
accuracy:876/900
----------Epoch10----------
accuracy:974/1000
----------Epoch11----------
accuracy:1070/1100
----------Epoch12----------
accuracy:1162/1200
----------Epoch13----------
accuracy:1256/1300
----------Epoch14----------
accuracy:1353/1400
----------Epoch15----------
accuracy:1452/1500
----------Epoch16----------
accuracy:1549/1600
----------Epoch17----------
accuracy:1649/1700
----------Epoch18----------
accuracy:1743/1800
----------Epoch19----------
accuracy:1841/1900
----------Epoch20----------
accuracy:1936/2000
----------Epoch21----------
accuracy:2032/2100
----------Epoch22----------
accuracy:2127/2200
----------Epoch23----------
accuracy:2224/2300
----------Epoch24----------
accuracy:2322/2400
----------Epoch25----------
accuracy:2415/2500
----------Epoch26----------
accuracy:2513/2600
----------Epoch27----------
accuracy:2609/2700
----------Epoch28----------
accuracy:2706/2800
----------Epoch29----------
accuracy:2803/2900
----------Epoch30----------
accuracy:2897/3000
----------Epoch31----------
accuracy:2996/3100
----------Epoch32----------
accuracy:3096/3200
----------Epoch33----------
accuracy:3193/3300
----------Epoch34----------
accuracy:3289/3400
----------Epoch35----------
accuracy:3384/3500
----------Epoch36----------
accuracy:3481/3600
----------Epoch37----------
accuracy:3581/3700
----------Epoch38----------
accuracy:3675/3800
----------Epoch39----------
accuracy:3770/3900
----------Epoch40----------
accuracy:3868/4000
----------Epoch41----------
accuracy:3967/4100
----------Epoch42----------
accuracy:4065/4200
----------Epoch43----------
accuracy:4158/4300
----------Epoch44----------
accuracy:4255/4400
----------Epoch45----------
accuracy:4355/4500
----------Epoch46----------
accuracy:4452/4600
----------Epoch47----------
accuracy:4550/4700
----------Epoch48----------
accuracy:4647/4800
----------Epoch49----------
accuracy:4740/4900
----------Epoch50----------
accuracy:4839/5000
----------Epoch51----------
accuracy:4938/5100
----------Epoch52----------
accuracy:5038/5200
----------Epoch53----------
accuracy:5137/5300
----------Epoch54----------
accuracy:5237/5400
----------Epoch55----------
accuracy:5337/5500
----------Epoch56----------
accuracy:5437/5600
----------Epoch57----------
accuracy:5535/5700
----------Epoch58----------
accuracy:5632/5800
----------Epoch59----------
accuracy:5730/5900
----------Epoch60----------
accuracy:5828/6000
----------Epoch61----------
accuracy:5926/6100
----------Epoch62----------
accuracy:6024/6200
----------Epoch63----------
accuracy:6124/6300
----------Epoch64----------
accuracy:6224/6400
----------Epoch65----------
accuracy:6324/6500
----------Epoch66----------
accuracy:6417/6600
----------Epoch67----------
accuracy:6515/6700
----------Epoch68----------
accuracy:6614/6800
----------Epoch69----------
accuracy:6712/6900
----------Epoch70----------
accuracy:6812/7000
----------Epoch71----------
accuracy:6912/7100
----------Epoch72----------
accuracy:7012/7200
----------Epoch73----------
accuracy:7111/7300
----------Epoch74----------
accuracy:7211/7400
----------Epoch75----------
accuracy:7310/7500
----------Epoch76----------
accuracy:7409/7600
----------Epoch77----------
accuracy:7509/7700
----------Epoch78----------
accuracy:7609/7800
----------Epoch79----------
accuracy:7706/7900
----------Epoch80----------
accuracy:7801/8000
----------Epoch81----------
accuracy:7898/8100
----------Epoch82----------
accuracy:7996/8200
----------Epoch83----------
accuracy:8094/8300
----------Epoch84----------
accuracy:8192/8400
----------Epoch85----------
accuracy:8291/8500
----------Epoch86----------
accuracy:8389/8600
----------Epoch87----------
accuracy:8488/8700
----------Epoch88----------
accuracy:8588/8800
----------Epoch89----------
accuracy:8688/8900
----------Epoch90----------
accuracy:8788/9000
----------Epoch91----------
accuracy:8885/9100
----------Epoch92----------
accuracy:8984/9200
----------Epoch93----------
accuracy:9084/9300
----------Epoch94----------
accuracy:9182/9400
----------Epoch95----------
accuracy:9279/9500
----------Epoch96----------
accuracy:9377/9600
----------Epoch97----------
accuracy:9470/9700
----------Epoch98----------
accuracy:9567/9800
----------Epoch99----------
accuracy:9664/9900
----------Epoch100----------
accuracy:9762/10000
clock time = 22.806080
init_time:    0.770475029
nn_time  :   22.036239035
all_time :   22.806714226
INFO: [SIM 211-1] CSim done with 0 errors.
INFO: [SIM 211-3] *************** CSIM finish ***************
