INFO: [HLS 200-0] Workspace /home/yagiyugo/vivado/lenet5_ap2/solution1 opened at Thu Nov 15 16:03:53 JST 2018
INFO: [HLS 200-100] Execute     config_clock -quiet -name default -period 10 -default=false 
INFO: [SYN 201-201] Setting up clock 'default' with a period of 10ns.
INFO: [HLS 200-100] Command     config_clock returned 0; 0 sec.
INFO: [HLS 200-100] Execute     open_platform DefaultPlatform 
INFO: [HLS 200-100] Command     open_platform returned 0; 0 sec.
INFO: [HLS 200-100] Execute     import_lib /opt/Xilinx/Vivado_HLS/2017.2/common/technology/xilinx/zynq/zynq 
INFO: [HLS 200-100] Execute       source /opt/Xilinx/Vivado_HLS/2017.2/common/technology/xilinx/common/xilinx.lib 
INFO: [HLS 200-100] Execute         source /opt/Xilinx/Vivado_HLS/2017.2/common/technology/xilinx/interface/xilinx_interface.lib 
INFO: [HLS 200-100] Execute           source /opt/Xilinx/Vivado_HLS/2017.2/common/technology/xilinx/interface/plb46.lib 
INFO: [HLS 200-100] Command           ap_source returned 0; 0 sec.
INFO: [HLS 200-100] Execute           source /opt/Xilinx/Vivado_HLS/2017.2/common/technology/xilinx/interface/fsl.lib 
INFO: [HLS 200-100] Command           ap_source returned 0; 0 sec.
INFO: [HLS 200-100] Execute           source /opt/Xilinx/Vivado_HLS/2017.2/common/technology/xilinx/interface/axi4.lib 
INFO: [HLS 200-100] Command           ap_source returned 0; 0 sec.
INFO: [HLS 200-100] Execute           source /opt/Xilinx/Vivado_HLS/2017.2/common/technology/xilinx/interface/maxi.lib 
INFO: [HLS 200-100] Command           ap_source returned 0; 0 sec.
INFO: [HLS 200-100] Execute           source /opt/Xilinx/Vivado_HLS/2017.2/common/technology/xilinx/interface/saxilite.lib 
INFO: [HLS 200-100] Command           ap_source returned 0; 0 sec.
INFO: [HLS 200-100] Command         ap_source returned 0; 0 sec.
INFO: [HLS 200-100] Execute         source /opt/Xilinx/Vivado_HLS/2017.2/common/technology/xilinx/common/dsp48.lib 
INFO: [HLS 200-100] Command         ap_source returned 0; 0 sec.
INFO: [HLS 200-100] Execute         source /opt/Xilinx/Vivado_HLS/2017.2/common/technology/xilinx/ip/dds_compiler.lib 
INFO: [HLS 200-100] Command         ap_source returned 0; 0 sec.
INFO: [HLS 200-100] Execute         source /opt/Xilinx/Vivado_HLS/2017.2/common/technology/xilinx/ip/xfft.lib 
INFO: [HLS 200-100] Command         ap_source returned 0; 0 sec.
INFO: [HLS 200-100] Execute         source /opt/Xilinx/Vivado_HLS/2017.2/common/technology/xilinx/ip/xfir.lib 
INFO: [HLS 200-100] Command         ap_source returned 0; 0 sec.
INFO: [HLS 200-100] Command       ap_source returned 0; 0.01 sec.
INFO: [HLS 200-100] Execute       source /opt/Xilinx/Vivado_HLS/2017.2/common/technology/xilinx/common/xilinx_old.lib 
INFO: [HLS 200-100] Command       ap_source returned 0; 0 sec.
INFO: [HLS 200-100] Execute       source /opt/Xilinx/Vivado_HLS/2017.2/common/technology/xilinx/common/xilinx_vivado.lib 
INFO: [HLS 200-100] Command       ap_source returned 0; 0 sec.
INFO: [HLS 200-100] Execute       source /opt/Xilinx/Vivado_HLS/2017.2/common/technology/xilinx/common/xilinx.hlp 
INFO: [HLS 200-100] Execute         source /opt/Xilinx/Vivado_HLS/2017.2/common/technology/xilinx/common/target_info.tcl 
INFO: [HLS 200-100] Command         ap_source returned 0; 0 sec.
INFO: [HLS 200-100] Execute         source /opt/Xilinx/Vivado_HLS/2017.2/common/technology/xilinx/interface/xilinx_interface.hlp 
INFO: [HLS 200-100] Execute           source /opt/Xilinx/Vivado_HLS/2017.2/common/technology/xilinx/interface/maxi.hlp 
INFO: [HLS 200-100] Command           ap_source returned 0; 0 sec.
INFO: [HLS 200-100] Execute           source /opt/Xilinx/Vivado_HLS/2017.2/common/technology/xilinx/interface/saxilite.hlp 
INFO: [HLS 200-100] Command           ap_source returned 0; 0 sec.
INFO: [HLS 200-100] Command         ap_source returned 0; 0 sec.
INFO: [HLS 200-100] Execute         source /opt/Xilinx/Vivado_HLS/2017.2/common/technology/xilinx/common/dsp48.hlp 
INFO: [HLS 200-100] Command         ap_source returned 0; 0 sec.
INFO: [HLS 200-100] Command       ap_source returned 0; 0 sec.
INFO: [HLS 200-100] Execute       source /opt/Xilinx/Vivado_HLS/2017.2/common/technology/xilinx/zynq/dsp48e1.hlp 
INFO: [HLS 200-100] Command       ap_source returned 0; 0 sec.
INFO: [HLS 200-100] Execute       get_default_platform 
INFO: [HLS 200-100] Command       get_default_platform returned 0; 0 sec.
INFO: [HLS 200-100] Execute       config_chip_info -quiet -resource  {SLICE 13300}  {LUT 53200}     {FF 106400} {DSP48E 220}   {BRAM 280}  
INFO: [HLS 200-100] Command       config_chip_info returned 0; 0 sec.
INFO: [HLS 200-100] Execute       config_chip_info -quiet -speed medium 
INFO: [HLS 200-100] Command       config_chip_info returned 0; 0 sec.
INFO: [HLS 200-100] Execute       source /opt/Xilinx/Vivado_HLS/2017.2/common/technology/xilinx/common/xilinx.hlp 
INFO: [HLS 200-100] Execute         source /opt/Xilinx/Vivado_HLS/2017.2/common/technology/xilinx/common/target_info.tcl 
INFO: [HLS 200-100] Command         ap_source returned 0; 0 sec.
INFO: [HLS 200-100] Execute         source /opt/Xilinx/Vivado_HLS/2017.2/common/technology/xilinx/interface/xilinx_interface.hlp 
INFO: [HLS 200-100] Execute           source /opt/Xilinx/Vivado_HLS/2017.2/common/technology/xilinx/interface/maxi.hlp 
INFO: [HLS 200-100] Command           ap_source returned 0; 0 sec.
INFO: [HLS 200-100] Execute           source /opt/Xilinx/Vivado_HLS/2017.2/common/technology/xilinx/interface/saxilite.hlp 
INFO: [HLS 200-100] Command           ap_source returned 0; 0 sec.
INFO: [HLS 200-100] Command         ap_source returned 0; 0 sec.
INFO: [HLS 200-100] Execute         source /opt/Xilinx/Vivado_HLS/2017.2/common/technology/xilinx/common/dsp48.hlp 
INFO: [HLS 200-100] Command         ap_source returned 0; 0 sec.
INFO: [HLS 200-100] Command       ap_source returned 0; 0 sec.
INFO: [HLS 200-100] Command     import_lib returned 0; 0.01 sec.
INFO: [HLS 200-100] Execute     source /opt/Xilinx/Vivado_HLS/2017.2/common/technology/xilinx/zynq/zynq.gen 
INFO: [HLS 200-100] Execute       source /opt/Xilinx/Vivado_HLS/2017.2/common/technology/xilinx/common/virtex.gen 
INFO: [HLS 200-100] Execute         source /opt/Xilinx/Vivado_HLS/2017.2/common/technology/xilinx/common/xilinx.gen 
INFO: [HLS 200-100] Execute           source /opt/Xilinx/Vivado_HLS/2017.2/common/technology/xilinx/interface/plb46.gen 
INFO: [HLS 200-100] Command           ap_source returned 0; 0 sec.
INFO: [HLS 200-100] Execute           source /opt/Xilinx/Vivado_HLS/2017.2/common/technology/xilinx/interface/fsl.gen 
INFO: [HLS 200-100] Command           ap_source returned 0; 0 sec.
INFO: [HLS 200-100] Execute           source /opt/Xilinx/Vivado_HLS/2017.2/common/technology/xilinx/interface/axi4.gen 
INFO: [HLS 200-100] Command           ap_source returned 0; 0 sec.
INFO: [HLS 200-100] Execute           source /opt/Xilinx/Vivado_HLS/2017.2/common/technology/xilinx/interface/nativeAXI4.gen 
INFO: [HLS 200-100] Execute             source /opt/Xilinx/Vivado_HLS/2017.2/common/technology/xilinx/interface/saxilite.gen 
INFO: [HLS 200-100] Command             ap_source returned 0; 0 sec.
INFO: [HLS 200-100] Execute             source /opt/Xilinx/Vivado_HLS/2017.2/common/technology/xilinx/interface/maxi.gen 
INFO: [HLS 200-100] Command             ap_source returned 0; 0.01 sec.
INFO: [HLS 200-100] Command           ap_source returned 0; 0.01 sec.
INFO: [HLS 200-100] Execute           source /opt/Xilinx/Vivado_HLS/2017.2/common/technology/xilinx/scripts/xilinxcoregen.gen 
INFO: [HLS 200-100] Command           ap_source returned 0; 0.01 sec.
INFO: [HLS 200-100] Execute           source /opt/Xilinx/Vivado_HLS/2017.2/common/technology/xilinx/interface/XilEDKCoreGen.gen 
INFO: [HLS 200-100] Command           ap_source returned 0; 0 sec.
INFO: [HLS 200-100] Execute           source /opt/Xilinx/Vivado_HLS/2017.2/common/technology/xilinx/ip/xfft.gen 
INFO: [HLS 200-100] Command           ap_source returned 0; 0.05 sec.
INFO: [HLS 200-100] Execute           source /opt/Xilinx/Vivado_HLS/2017.2/common/technology/xilinx/ip/util.gen 
INFO: [HLS 200-100] Command           ap_source returned 0; 0 sec.
INFO: [HLS 200-100] Execute           source /opt/Xilinx/Vivado_HLS/2017.2/common/technology/xilinx/ip/xfir.gen 
INFO: [HLS 200-100] Command           ap_source returned 0; 0 sec.
INFO: [HLS 200-100] Execute           source /opt/Xilinx/Vivado_HLS/2017.2/common/technology/xilinx/ip/dds_compiler.gen 
INFO: [HLS 200-100] Command           ap_source returned 0; 0 sec.
INFO: [HLS 200-100] Command         ap_source returned 0; 0.07 sec.
INFO: [HLS 200-100] Execute         source /opt/Xilinx/Vivado_HLS/2017.2/common/technology/xilinx/common/dsp48.gen 
INFO: [HLS 200-100] Command         ap_source returned 0; 0 sec.
INFO: [HLS 200-100] Command       ap_source returned 0; 0.07 sec.
INFO: [HLS 200-100] Command     ap_source returned 0; 0.07 sec.
INFO: [HLS 200-100] Execute     open_platform DefaultPlatform 
INFO: [HLS 200-100] Command     open_platform returned 0; 0 sec.
INFO: [HLS 200-100] Execute     import_lib /opt/Xilinx/Vivado_HLS/2017.2/common/technology/xilinx/zynq/zynq_fpv6 
INFO: [HLS 200-100] Execute       source /opt/Xilinx/Vivado_HLS/2017.2/common/technology/xilinx/common/xilinx_fpv7.lib 
INFO: [HLS 200-100] Execute         source /opt/Xilinx/Vivado_HLS/2017.2/common/technology/xilinx/common/xilinx_hp.lib 
INFO: [HLS 200-100] Command         ap_source returned 0; 0 sec.
INFO: [HLS 200-100] Command       ap_source returned 0; 0.01 sec.
INFO: [HLS 200-100] Execute       source /opt/Xilinx/Vivado_HLS/2017.2/common/technology/xilinx/common/xilinx_fpv.hlp 
INFO: [HLS 200-100] Execute         source /opt/Xilinx/Vivado_HLS/2017.2/common/technology/xilinx/common/xilinx.hlp 
INFO: [HLS 200-100] Execute           source /opt/Xilinx/Vivado_HLS/2017.2/common/technology/xilinx/common/target_info.tcl 
INFO: [HLS 200-100] Command           ap_source returned 0; 0 sec.
INFO: [HLS 200-100] Execute           source /opt/Xilinx/Vivado_HLS/2017.2/common/technology/xilinx/interface/xilinx_interface.hlp 
INFO: [HLS 200-100] Execute             source /opt/Xilinx/Vivado_HLS/2017.2/common/technology/xilinx/interface/maxi.hlp 
INFO: [HLS 200-100] Command             ap_source returned 0; 0 sec.
INFO: [HLS 200-100] Execute             source /opt/Xilinx/Vivado_HLS/2017.2/common/technology/xilinx/interface/saxilite.hlp 
INFO: [HLS 200-100] Command             ap_source returned 0; 0 sec.
INFO: [HLS 200-100] Command           ap_source returned 0; 0 sec.
INFO: [HLS 200-100] Execute           source /opt/Xilinx/Vivado_HLS/2017.2/common/technology/xilinx/common/dsp48.hlp 
INFO: [HLS 200-100] Command           ap_source returned 0; 0 sec.
INFO: [HLS 200-100] Command         ap_source returned 0; 0 sec.
INFO: [HLS 200-100] Command       ap_source returned 0; 0 sec.
INFO: [HLS 200-100] Execute       source /opt/Xilinx/Vivado_HLS/2017.2/common/technology/xilinx/zynq/zynq_hp.hlp 
INFO: [HLS 200-100] Command       ap_source returned 0; 0 sec.
INFO: [HLS 200-100] Command     import_lib returned 0; 0.01 sec.
INFO: [HLS 200-100] Execute     source /opt/Xilinx/Vivado_HLS/2017.2/common/technology/xilinx/zynq/zynq_fpv6.gen 
INFO: [HLS 200-100] Execute       source /opt/Xilinx/Vivado_HLS/2017.2/common/technology/xilinx/common/xilinx_fpv6.gen 
INFO: [HLS 200-100] Command       ap_source returned 0; 0 sec.
INFO: [HLS 200-100] Command     ap_source returned 0; 0 sec.
INFO: [HLS 200-100] Execute     set_part xc7z020clg484-1 
INFO: [HLS 200-100] Execute       add_library xilinx/zynq/zynq:xc7z020:clg484:-1 
INFO: [HLS 200-100] Execute         get_default_platform 
INFO: [HLS 200-100] Command         get_default_platform returned 0; 0 sec.
INFO: [HLS 200-100] Execute         license_isbetapart xc7z020 
INFO: [HLS 200-100] Command         license_isbetapart returned 1; 0.01 sec.
INFO: [HLS 200-100] Execute         get_default_platform 
INFO: [HLS 200-100] Command         get_default_platform returned 0; 0 sec.
INFO: [HLS 200-100] Execute         config_chip_info -quiet -resource  {SLICE 13300}  {LUT 53200}     {FF 106400} {DSP48E 220}   {BRAM 280}  
INFO: [HLS 200-100] Command         config_chip_info returned 0; 0 sec.
INFO: [HLS 200-100] Execute         config_chip_info -quiet -speed slow 
INFO: [HLS 200-100] Command         config_chip_info returned 0; 0 sec.
INFO: [HLS 200-100] Command       add_library returned 0; 0.01 sec.
INFO: [HLS 200-100] Execute       add_library xilinx/zynq/zynq_fpv6 
INFO: [HLS 200-100] Execute         get_default_platform 
INFO: [HLS 200-100] Command         get_default_platform returned 0; 0 sec.
INFO: [HLS 200-100] Command       add_library returned 0; 0 sec.
INFO: [HLS 200-10] Setting target device to 'xc7z020clg484-1'
INFO: [HLS 200-100] Execute       get_default_platform 
INFO: [HLS 200-100] Command       get_default_platform returned 0; 0 sec.
INFO: [HLS 200-100] Command     set_part returned 0; 0.04 sec.
INFO: [HLS 200-100] Execute     get_default_platform 
INFO: [HLS 200-100] Command     get_default_platform returned 0; 0 sec.
INFO: [HLS 200-100] Execute     config_chip_info -quiet -resource  {SLICE 13300}  {LUT 53200}     {FF 106400} {DSP48E 220}   {BRAM 280}  
INFO: [HLS 200-100] Command     config_chip_info returned 0; 0 sec.
INFO: [HLS 200-100] Execute     config_chip_info -quiet -speed slow 
INFO: [HLS 200-100] Command     config_chip_info returned 0; 0 sec.
INFO: [HLS 200-100] Command   open_solution returned 0; 0.13 sec.
INFO: [HLS 200-100] Execute   set_part xc7z020clg484-1 -tool vivado 
INFO: [HLS 200-100] Execute     add_library xilinx/zynq/zynq:xc7z020:clg484:-1 
INFO: [HLS 200-100] Execute       get_default_platform 
INFO: [HLS 200-100] Command       get_default_platform returned 0; 0 sec.
INFO: [HLS 200-100] Execute       license_isbetapart xc7z020 
INFO: [HLS 200-100] Command       license_isbetapart returned 1; 0 sec.
INFO: [HLS 200-100] Execute       get_default_platform 
INFO: [HLS 200-100] Command       get_default_platform returned 0; 0 sec.
INFO: [HLS 200-100] Execute       config_chip_info -quiet -resource  {SLICE 13300}  {LUT 53200}     {FF 106400} {DSP48E 220}   {BRAM 280}  
INFO: [HLS 200-100] Command       config_chip_info returned 0; 0 sec.
INFO: [HLS 200-100] Execute       config_chip_info -quiet -speed slow 
INFO: [HLS 200-100] Command       config_chip_info returned 0; 0 sec.
INFO: [HLS 200-100] Command     add_library returned 0; 0 sec.
INFO: [HLS 200-100] Execute     add_library xilinx/zynq/zynq_fpv6 
INFO: [HLS 200-100] Execute       get_default_platform 
INFO: [HLS 200-100] Command       get_default_platform returned 0; 0 sec.
INFO: [HLS 200-100] Command     add_library returned 0; 0 sec.
INFO: [HLS 200-100] Execute     get_default_platform 
INFO: [HLS 200-100] Command     get_default_platform returned 0; 0 sec.
INFO: [HLS 200-100] Command   set_part returned 0; 0.02 sec.
INFO: [HLS 200-100] Execute   create_clock -period 10 -name default 
INFO: [HLS 200-100] Command   create_clock returned 0; 0 sec.
INFO: [HLS 200-100] Execute   csynth_design 
INFO: [HLS 200-100] Execute     elaborate -effort=medium -skip_syncheck=0 -keep_printf=0 -lm=0 -skip_cdt=0 -skip_transform=0 -ng=0 -g=0 -opt_fp=0 
INFO: [HLS 200-10] Analyzing design file 'lenet5_ap2/source/lenet5_ap2.cpp' ... 
INFO: [HLS 200-0] Compiling one TU...
INFO: [HLS 200-100] Execute       is_m_axi_addr64 
INFO: [HLS 200-100] Command       is_m_axi_addr64 returned 0; 0 sec.
INFO: [HLS 200-0] Handling lenet5_ap2/source/lenet5_ap2.cpp as C++
INFO: [HLS 200-0] Syntax Checking before pre-processing...
INFO: [HLS 200-100] Execute       clang  -fno-limit-debug-info -gcc-toolchain "/opt/Xilinx/Vivado_HLS/2017.2/lnx64/tools/gcc" -hls    -fno-math-errno -c -emit-llvm -O0  -mllvm -disable-llvm-optzns -fno-threadsafe-statics  -fno-use-cxa-atexit  -fno-threadsafe-statics -fno-use-cxa-atexit -D__CLANG_3_1__   -I "/opt/Xilinx/Vivado_HLS/2017.2/lnx64/tools/systemc/include" -I "/opt/Xilinx/Vivado_HLS/2017.2/include" -I "/opt/Xilinx/Vivado_HLS/2017.2/include/ap_sysc" -fexceptions -I "/opt/Xilinx/Vivado_HLS/2017.2/common/technology/autopilot" -include etc/autopilot_ssdm_op.h "lenet5_ap2/source/lenet5_ap2.cpp"  -o "/home/yagiyugo/vivado/lenet5_ap2/solution1/.autopilot/db/lenet5_ap2.pp.00.o" 
INFO: [HLS 200-0] exec clang -fno-limit-debug-info -gcc-toolchain /opt/Xilinx/Vivado_HLS/2017.2/lnx64/tools/gcc -hls -fno-math-errno -c -emit-llvm -O0 -mllvm -disable-llvm-optzns -fno-threadsafe-statics -fno-use-cxa-atexit -fno-threadsafe-statics -fno-use-cxa-atexit -D__CLANG_3_1__ -I /opt/Xilinx/Vivado_HLS/2017.2/lnx64/tools/systemc/include -I /opt/Xilinx/Vivado_HLS/2017.2/include -I /opt/Xilinx/Vivado_HLS/2017.2/include/ap_sysc -fexceptions -I /opt/Xilinx/Vivado_HLS/2017.2/common/technology/autopilot -include etc/autopilot_ssdm_op.h lenet5_ap2/source/lenet5_ap2.cpp -o /home/yagiyugo/vivado/lenet5_ap2/solution1/.autopilot/db/lenet5_ap2.pp.00.o
INFO: [HLS 200-100] Command       clang returned 0; 0.35 sec.
INFO: [HLS 200-100] Execute       is_encrypted /home/yagiyugo/vivado/lenet5_ap2/solution1/.autopilot/db/lenet5_ap2.pp.00.o 
INFO: [HLS 200-100] Command       is_encrypted returned 0; 0 sec.
INFO: [HLS 200-0] Source preprocessing
INFO: [HLS 200-100] Execute       clang  -fno-limit-debug-info -gcc-toolchain "/opt/Xilinx/Vivado_HLS/2017.2/lnx64/tools/gcc" -hls -fno-exceptions  -D__llvm__  -CC -E "lenet5_ap2/source/lenet5_ap2.cpp"     -fno-math-errno -c -emit-llvm -O0  -mllvm -disable-llvm-optzns -fno-threadsafe-statics  -fno-use-cxa-atexit  -fno-threadsafe-statics -fno-use-cxa-atexit -D__CLANG_3_1__ -DAESL_SYN -D__SYNTHESIS__ -D__HLS_SYN__ -I "/opt/Xilinx/Vivado_HLS/2017.2/common/technology/autopilot" -I "/opt/Xilinx/Vivado_HLS/2017.2/common/technology/autopilot/ap_sysc" -include etc/autopilot_ssdm_op.h  -o "/home/yagiyugo/vivado/lenet5_ap2/solution1/.autopilot/db/lenet5_ap2.pp.0.cpp" 
INFO: [HLS 200-0] exec clang -fno-limit-debug-info -gcc-toolchain /opt/Xilinx/Vivado_HLS/2017.2/lnx64/tools/gcc -hls -fno-exceptions -D__llvm__ -CC -E lenet5_ap2/source/lenet5_ap2.cpp -fno-math-errno -c -emit-llvm -O0 -mllvm -disable-llvm-optzns -fno-threadsafe-statics -fno-use-cxa-atexit -fno-threadsafe-statics -fno-use-cxa-atexit -D__CLANG_3_1__ -DAESL_SYN -D__SYNTHESIS__ -D__HLS_SYN__ -I /opt/Xilinx/Vivado_HLS/2017.2/common/technology/autopilot -I /opt/Xilinx/Vivado_HLS/2017.2/common/technology/autopilot/ap_sysc -include etc/autopilot_ssdm_op.h -o /home/yagiyugo/vivado/lenet5_ap2/solution1/.autopilot/db/lenet5_ap2.pp.0.cpp
INFO: [HLS 200-100] Command       clang returned 0; 0.06 sec.
INFO: [HLS 200-0] GCC PP time: 0 seconds per iteration
INFO: [HLS 200-100] Execute       list_core -type functional_unit 
INFO: [HLS 200-100] Command       list_core returned 0; 0 sec.
INFO: [HLS 200-0] CDT Preprocessing...
INFO: [HLS 200-0] Marker-Pragma convertor: /home/yagiyugo/vivado/lenet5_ap2/solution1/.autopilot/db/lenet5_ap2.pp.0.cpp /home/yagiyugo/vivado/lenet5_ap2/solution1/.autopilot/db/lenet5_ap2.pp.0.cpp.ap-line.cpp /home/yagiyugo/vivado/lenet5_ap2/solution1/.autopilot/db/lenet5_ap2.pp.0.cpp.ap-line.cpp.CXX 1
INFO: [HLS 200-0] Converting Markers to Pragmas...
INFO: [HLS 200-100] Execute       cdt  "/home/yagiyugo/vivado/lenet5_ap2/solution1/.autopilot/db/lenet5_ap2.pp.0.cpp.ap-line.cpp"  -m "lenet5_ap2" -o "/home/yagiyugo/vivado/lenet5_ap2/solution1/.autopilot/db/lenet5_ap2.pp.0.cpp.ap-cdt.cpp" --pp --directive /home/yagiyugo/vivado/lenet5_ap2/solution1/solution1.directive --source /home/yagiyugo/vivado/lenet5_ap2/source/lenet5_ap2.cpp --error /home/yagiyugo/vivado/lenet5_ap2/solution1/.autopilot/db --funcunit "AddSub AddSub_DSP AddSubnS DAddSub_fulldsp DAddSub_nodsp DDiv DExp_fulldsp DExp_meddsp DExp_nodsp DLog_fulldsp DLog_meddsp DLog_nodsp DMul_fulldsp DMul_maxdsp DMul_meddsp DMul_nodsp DRSqrt DRecip DSqrt DivnS FAddSub_fulldsp FAddSub_nodsp FDiv FExp_fulldsp FExp_meddsp FExp_nodsp FLog_fulldsp FLog_meddsp FLog_nodsp FMul_fulldsp FMul_maxdsp FMul_meddsp FMul_nodsp FRSqrt_fulldsp FRSqrt_nodsp FRecip_fulldsp FRecip_nodsp FSqrt HAddSub_fulldsp HAddSub_meddsp HAddSub_nodsp HDiv HMul_fulldsp HMul_maxdsp HMul_nodsp HSqrt Mul Mul2S Mul3S Mul4S Mul5S Mul6S Mul_LUT MulnS MuxnS" --ve --vetcl /home/yagiyugo/vivado/lenet5_ap2/solution1/.autopilot/db --ca --es --gf --pd --p2d /home/yagiyugo/vivado/lenet5_ap2/solution1/.autopilot/db --sd --scff /home/yagiyugo/vivado/lenet5_ap2/solution1/.autopilot/db/.systemc_flag --ad 
INFO: [HLS 200-0] Error:Syntax error in source:for (__decltype(__n + 0) __niter = __n;
Error:Missing ; in source:t
Error:Syntax error in source:)
 *__first = __value;
Error:Syntax error in source:for (__decltype(__n + 0) __niter = __n;
Error:Missing ; in source:t
Error:Syntax error in source:)
 *__first = __tmp;
INFO: [HLS 200-100] Command       cdt returned 0; 3.46 sec.
INFO: [HLS 200-0] Marker-Pragma convertor: /home/yagiyugo/vivado/lenet5_ap2/solution1/.autopilot/db/lenet5_ap2.pp.0.cpp.ap-cdt.cpp /home/yagiyugo/vivado/lenet5_ap2/solution1/.autopilot/db/lenet5_ap2.pragma.0.cpp /home/yagiyugo/vivado/lenet5_ap2/solution1/.autopilot/db/lenet5_ap2.pragma.0.cpp.ap-line.CXX 0
INFO: [HLS 200-0] Converting Pragmas to Markers...
INFO: [HLS 200-100] Execute       source /home/yagiyugo/vivado/lenet5_ap2/solution1/.autopilot/db/pragma.status.tcl 
INFO: [HLS 200-100] Command       ap_source returned 0; 0 sec.
INFO: [HLS 200-0] Pragma Handling...
INFO: [HLS 200-0] Source preprocessing
INFO: [HLS 200-100] Execute       clang  -fno-limit-debug-info -gcc-toolchain "/opt/Xilinx/Vivado_HLS/2017.2/lnx64/tools/gcc" -hls -fno-exceptions  -D__llvm__  -CC -E "/home/yagiyugo/vivado/lenet5_ap2/solution1/.autopilot/db/lenet5_ap2.pragma.1.cpp"     -fno-math-errno -c -emit-llvm -O0  -mllvm -disable-llvm-optzns -fno-threadsafe-statics  -fno-use-cxa-atexit  -fno-threadsafe-statics -fno-use-cxa-atexit -D__CLANG_3_1__ -DAESL_SYN -D__SYNTHESIS__ -D__HLS_SYN__ -I "/opt/Xilinx/Vivado_HLS/2017.2/common/technology/autopilot" -I "/opt/Xilinx/Vivado_HLS/2017.2/common/technology/autopilot/ap_sysc" -include etc/autopilot_ssdm_op.h  -o "/home/yagiyugo/vivado/lenet5_ap2/solution1/.autopilot/db/lenet5_ap2.pragma.2.cpp" 
INFO: [HLS 200-0] exec clang -fno-limit-debug-info -gcc-toolchain /opt/Xilinx/Vivado_HLS/2017.2/lnx64/tools/gcc -hls -fno-exceptions -D__llvm__ -CC -E /home/yagiyugo/vivado/lenet5_ap2/solution1/.autopilot/db/lenet5_ap2.pragma.1.cpp -fno-math-errno -c -emit-llvm -O0 -mllvm -disable-llvm-optzns -fno-threadsafe-statics -fno-use-cxa-atexit -fno-threadsafe-statics -fno-use-cxa-atexit -D__CLANG_3_1__ -DAESL_SYN -D__SYNTHESIS__ -D__HLS_SYN__ -I /opt/Xilinx/Vivado_HLS/2017.2/common/technology/autopilot -I /opt/Xilinx/Vivado_HLS/2017.2/common/technology/autopilot/ap_sysc -include etc/autopilot_ssdm_op.h -o /home/yagiyugo/vivado/lenet5_ap2/solution1/.autopilot/db/lenet5_ap2.pragma.2.cpp
INFO: [HLS 200-100] Command       clang returned 0; 0.04 sec.
INFO: [HLS 200-0] Processing labels
INFO: [HLS 200-100] Execute       clang  -fno-limit-debug-info -gcc-toolchain /opt/Xilinx/Vivado_HLS/2017.2/lnx64/tools/gcc -hls -hls-analyze-label -hls-analyze-pragma -fno-exceptions  -D__llvm__  -w  "/home/yagiyugo/vivado/lenet5_ap2/solution1/.autopilot/db/lenet5_ap2.pragma.2.cpp"    -fno-math-errno -c -emit-llvm -O0  -mllvm -disable-llvm-optzns -fno-threadsafe-statics  -fno-use-cxa-atexit -DAESL_SYN -D__SYNTHESIS__ -D__HLS_SYN__ -I "/opt/Xilinx/Vivado_HLS/2017.2/common/technology/autopilot" -I "/opt/Xilinx/Vivado_HLS/2017.2/common/technology/autopilot/ap_sysc" -include etc/autopilot_ssdm_op.h -g -o "/home/yagiyugo/vivado/lenet5_ap2/solution1/.autopilot/db/lenet5_ap2.g.bc" 
INFO: [HLS 200-0] exec clang -fno-limit-debug-info -gcc-toolchain /opt/Xilinx/Vivado_HLS/2017.2/lnx64/tools/gcc -hls -hls-analyze-label -hls-analyze-pragma -fno-exceptions -D__llvm__ -w /home/yagiyugo/vivado/lenet5_ap2/solution1/.autopilot/db/lenet5_ap2.pragma.2.cpp -fno-math-errno -c -emit-llvm -O0 -mllvm -disable-llvm-optzns -fno-threadsafe-statics -fno-use-cxa-atexit -DAESL_SYN -D__SYNTHESIS__ -D__HLS_SYN__ -I /opt/Xilinx/Vivado_HLS/2017.2/common/technology/autopilot -I /opt/Xilinx/Vivado_HLS/2017.2/common/technology/autopilot/ap_sysc -include etc/autopilot_ssdm_op.h -g -o /home/yagiyugo/vivado/lenet5_ap2/solution1/.autopilot/db/lenet5_ap2.g.bc
INFO: [HLS 200-100] Command       clang returned 0; 0.34 sec.
INFO: [HLS 200-10] Analyzing design file 'lenet5_ap2/source/init.cpp' ... 
INFO: [HLS 200-0] Compiling one TU...
INFO: [HLS 200-100] Execute       is_m_axi_addr64 
INFO: [HLS 200-100] Command       is_m_axi_addr64 returned 0; 0 sec.
INFO: [HLS 200-0] Handling lenet5_ap2/source/init.cpp as C++
INFO: [HLS 200-0] Syntax Checking before pre-processing...
INFO: [HLS 200-100] Execute       clang  -fno-limit-debug-info -gcc-toolchain "/opt/Xilinx/Vivado_HLS/2017.2/lnx64/tools/gcc" -hls    -fno-math-errno -c -emit-llvm -O0  -mllvm -disable-llvm-optzns -fno-threadsafe-statics  -fno-use-cxa-atexit  -fno-threadsafe-statics -fno-use-cxa-atexit -D__CLANG_3_1__   -I "/opt/Xilinx/Vivado_HLS/2017.2/lnx64/tools/systemc/include" -I "/opt/Xilinx/Vivado_HLS/2017.2/include" -I "/opt/Xilinx/Vivado_HLS/2017.2/include/ap_sysc" -fexceptions -I "/opt/Xilinx/Vivado_HLS/2017.2/common/technology/autopilot" -include etc/autopilot_ssdm_op.h "lenet5_ap2/source/init.cpp"  -o "/home/yagiyugo/vivado/lenet5_ap2/solution1/.autopilot/db/init.pp.00.o" 
INFO: [HLS 200-0] exec clang -fno-limit-debug-info -gcc-toolchain /opt/Xilinx/Vivado_HLS/2017.2/lnx64/tools/gcc -hls -fno-math-errno -c -emit-llvm -O0 -mllvm -disable-llvm-optzns -fno-threadsafe-statics -fno-use-cxa-atexit -fno-threadsafe-statics -fno-use-cxa-atexit -D__CLANG_3_1__ -I /opt/Xilinx/Vivado_HLS/2017.2/lnx64/tools/systemc/include -I /opt/Xilinx/Vivado_HLS/2017.2/include -I /opt/Xilinx/Vivado_HLS/2017.2/include/ap_sysc -fexceptions -I /opt/Xilinx/Vivado_HLS/2017.2/common/technology/autopilot -include etc/autopilot_ssdm_op.h lenet5_ap2/source/init.cpp -o /home/yagiyugo/vivado/lenet5_ap2/solution1/.autopilot/db/init.pp.00.o
INFO: [HLS 200-100] Command       clang returned 0; 0.36 sec.
INFO: [HLS 200-100] Execute       is_encrypted /home/yagiyugo/vivado/lenet5_ap2/solution1/.autopilot/db/init.pp.00.o 
INFO: [HLS 200-100] Command       is_encrypted returned 0; 0 sec.
INFO: [HLS 200-0] Source preprocessing
INFO: [HLS 200-100] Execute       clang  -fno-limit-debug-info -gcc-toolchain "/opt/Xilinx/Vivado_HLS/2017.2/lnx64/tools/gcc" -hls -fno-exceptions  -D__llvm__  -CC -E "lenet5_ap2/source/init.cpp"     -fno-math-errno -c -emit-llvm -O0  -mllvm -disable-llvm-optzns -fno-threadsafe-statics  -fno-use-cxa-atexit  -fno-threadsafe-statics -fno-use-cxa-atexit -D__CLANG_3_1__ -DAESL_SYN -D__SYNTHESIS__ -D__HLS_SYN__ -I "/opt/Xilinx/Vivado_HLS/2017.2/common/technology/autopilot" -I "/opt/Xilinx/Vivado_HLS/2017.2/common/technology/autopilot/ap_sysc" -include etc/autopilot_ssdm_op.h  -o "/home/yagiyugo/vivado/lenet5_ap2/solution1/.autopilot/db/init.pp.0.cpp" 
INFO: [HLS 200-0] exec clang -fno-limit-debug-info -gcc-toolchain /opt/Xilinx/Vivado_HLS/2017.2/lnx64/tools/gcc -hls -fno-exceptions -D__llvm__ -CC -E lenet5_ap2/source/init.cpp -fno-math-errno -c -emit-llvm -O0 -mllvm -disable-llvm-optzns -fno-threadsafe-statics -fno-use-cxa-atexit -fno-threadsafe-statics -fno-use-cxa-atexit -D__CLANG_3_1__ -DAESL_SYN -D__SYNTHESIS__ -D__HLS_SYN__ -I /opt/Xilinx/Vivado_HLS/2017.2/common/technology/autopilot -I /opt/Xilinx/Vivado_HLS/2017.2/common/technology/autopilot/ap_sysc -include etc/autopilot_ssdm_op.h -o /home/yagiyugo/vivado/lenet5_ap2/solution1/.autopilot/db/init.pp.0.cpp
INFO: [HLS 200-100] Command       clang returned 0; 0.06 sec.
INFO: [HLS 200-0] GCC PP time: 0 seconds per iteration
INFO: [HLS 200-100] Execute       list_core -type functional_unit 
INFO: [HLS 200-100] Command       list_core returned 0; 0 sec.
INFO: [HLS 200-0] CDT Preprocessing...
INFO: [HLS 200-0] Marker-Pragma convertor: /home/yagiyugo/vivado/lenet5_ap2/solution1/.autopilot/db/init.pp.0.cpp /home/yagiyugo/vivado/lenet5_ap2/solution1/.autopilot/db/init.pp.0.cpp.ap-line.cpp /home/yagiyugo/vivado/lenet5_ap2/solution1/.autopilot/db/init.pp.0.cpp.ap-line.cpp.CXX 1
INFO: [HLS 200-0] Converting Markers to Pragmas...
INFO: [HLS 200-100] Execute       cdt  "/home/yagiyugo/vivado/lenet5_ap2/solution1/.autopilot/db/init.pp.0.cpp.ap-line.cpp"  -m "lenet5_ap2" -o "/home/yagiyugo/vivado/lenet5_ap2/solution1/.autopilot/db/init.pp.0.cpp.ap-cdt.cpp" --pp --directive /home/yagiyugo/vivado/lenet5_ap2/solution1/solution1.directive --source /home/yagiyugo/vivado/lenet5_ap2/source/init.cpp --error /home/yagiyugo/vivado/lenet5_ap2/solution1/.autopilot/db --funcunit "AddSub AddSub_DSP AddSubnS DAddSub_fulldsp DAddSub_nodsp DDiv DExp_fulldsp DExp_meddsp DExp_nodsp DLog_fulldsp DLog_meddsp DLog_nodsp DMul_fulldsp DMul_maxdsp DMul_meddsp DMul_nodsp DRSqrt DRecip DSqrt DivnS FAddSub_fulldsp FAddSub_nodsp FDiv FExp_fulldsp FExp_meddsp FExp_nodsp FLog_fulldsp FLog_meddsp FLog_nodsp FMul_fulldsp FMul_maxdsp FMul_meddsp FMul_nodsp FRSqrt_fulldsp FRSqrt_nodsp FRecip_fulldsp FRecip_nodsp FSqrt HAddSub_fulldsp HAddSub_meddsp HAddSub_nodsp HDiv HMul_fulldsp HMul_maxdsp HMul_nodsp HSqrt Mul Mul2S Mul3S Mul4S Mul5S Mul6S Mul_LUT MulnS MuxnS" --ve --vetcl /home/yagiyugo/vivado/lenet5_ap2/solution1/.autopilot/db --ca --es --gf --pd --p2d /home/yagiyugo/vivado/lenet5_ap2/solution1/.autopilot/db --sd --scff /home/yagiyugo/vivado/lenet5_ap2/solution1/.autopilot/db/.systemc_flag --ad 
INFO: [HLS 200-0] Error:Syntax error in source:for (__decltype(__n + 0) __niter = __n;
Error:Missing ; in source:t
Error:Syntax error in source:)
 *__first = __value;
Error:Syntax error in source:for (__decltype(__n + 0) __niter = __n;
Error:Missing ; in source:t
Error:Syntax error in source:)
 *__first = __tmp;
INFO: [HLS 200-100] Command       cdt returned 0; 3.53 sec.
INFO: [HLS 200-0] Marker-Pragma convertor: /home/yagiyugo/vivado/lenet5_ap2/solution1/.autopilot/db/init.pp.0.cpp.ap-cdt.cpp /home/yagiyugo/vivado/lenet5_ap2/solution1/.autopilot/db/init.pragma.0.cpp /home/yagiyugo/vivado/lenet5_ap2/solution1/.autopilot/db/init.pragma.0.cpp.ap-line.CXX 0
INFO: [HLS 200-0] Converting Pragmas to Markers...
INFO: [HLS 200-100] Execute       source /home/yagiyugo/vivado/lenet5_ap2/solution1/.autopilot/db/pragma.status.tcl 
INFO: [HLS 200-100] Command       ap_source returned 0; 0 sec.
INFO: [HLS 200-0] Pragma Handling...
INFO: [HLS 200-0] Source preprocessing
INFO: [HLS 200-100] Execute       clang  -fno-limit-debug-info -gcc-toolchain "/opt/Xilinx/Vivado_HLS/2017.2/lnx64/tools/gcc" -hls -fno-exceptions  -D__llvm__  -CC -E "/home/yagiyugo/vivado/lenet5_ap2/solution1/.autopilot/db/init.pragma.1.cpp"     -fno-math-errno -c -emit-llvm -O0  -mllvm -disable-llvm-optzns -fno-threadsafe-statics  -fno-use-cxa-atexit  -fno-threadsafe-statics -fno-use-cxa-atexit -D__CLANG_3_1__ -DAESL_SYN -D__SYNTHESIS__ -D__HLS_SYN__ -I "/opt/Xilinx/Vivado_HLS/2017.2/common/technology/autopilot" -I "/opt/Xilinx/Vivado_HLS/2017.2/common/technology/autopilot/ap_sysc" -include etc/autopilot_ssdm_op.h  -o "/home/yagiyugo/vivado/lenet5_ap2/solution1/.autopilot/db/init.pragma.2.cpp" 
INFO: [HLS 200-0] exec clang -fno-limit-debug-info -gcc-toolchain /opt/Xilinx/Vivado_HLS/2017.2/lnx64/tools/gcc -hls -fno-exceptions -D__llvm__ -CC -E /home/yagiyugo/vivado/lenet5_ap2/solution1/.autopilot/db/init.pragma.1.cpp -fno-math-errno -c -emit-llvm -O0 -mllvm -disable-llvm-optzns -fno-threadsafe-statics -fno-use-cxa-atexit -fno-threadsafe-statics -fno-use-cxa-atexit -D__CLANG_3_1__ -DAESL_SYN -D__SYNTHESIS__ -D__HLS_SYN__ -I /opt/Xilinx/Vivado_HLS/2017.2/common/technology/autopilot -I /opt/Xilinx/Vivado_HLS/2017.2/common/technology/autopilot/ap_sysc -include etc/autopilot_ssdm_op.h -o /home/yagiyugo/vivado/lenet5_ap2/solution1/.autopilot/db/init.pragma.2.cpp
INFO: [HLS 200-100] Command       clang returned 0; 0.05 sec.
INFO: [HLS 200-0] Processing labels
INFO: [HLS 200-100] Execute       clang  -fno-limit-debug-info -gcc-toolchain /opt/Xilinx/Vivado_HLS/2017.2/lnx64/tools/gcc -hls -hls-analyze-label -hls-analyze-pragma -fno-exceptions  -D__llvm__  -w  "/home/yagiyugo/vivado/lenet5_ap2/solution1/.autopilot/db/init.pragma.2.cpp"    -fno-math-errno -c -emit-llvm -O0  -mllvm -disable-llvm-optzns -fno-threadsafe-statics  -fno-use-cxa-atexit -DAESL_SYN -D__SYNTHESIS__ -D__HLS_SYN__ -I "/opt/Xilinx/Vivado_HLS/2017.2/common/technology/autopilot" -I "/opt/Xilinx/Vivado_HLS/2017.2/common/technology/autopilot/ap_sysc" -include etc/autopilot_ssdm_op.h -g -o "/home/yagiyugo/vivado/lenet5_ap2/solution1/.autopilot/db/init.g.bc" 
INFO: [HLS 200-0] exec clang -fno-limit-debug-info -gcc-toolchain /opt/Xilinx/Vivado_HLS/2017.2/lnx64/tools/gcc -hls -hls-analyze-label -hls-analyze-pragma -fno-exceptions -D__llvm__ -w /home/yagiyugo/vivado/lenet5_ap2/solution1/.autopilot/db/init.pragma.2.cpp -fno-math-errno -c -emit-llvm -O0 -mllvm -disable-llvm-optzns -fno-threadsafe-statics -fno-use-cxa-atexit -DAESL_SYN -D__SYNTHESIS__ -D__HLS_SYN__ -I /opt/Xilinx/Vivado_HLS/2017.2/common/technology/autopilot -I /opt/Xilinx/Vivado_HLS/2017.2/common/technology/autopilot/ap_sysc -include etc/autopilot_ssdm_op.h -g -o /home/yagiyugo/vivado/lenet5_ap2/solution1/.autopilot/db/init.g.bc
INFO: [HLS 200-100] Command       clang returned 0; 0.33 sec.
INFO: [HLS 200-10] Analyzing design file 'lenet5_ap2/source/func.cpp' ... 
INFO: [HLS 200-0] Compiling one TU...
INFO: [HLS 200-100] Execute       is_m_axi_addr64 
INFO: [HLS 200-100] Command       is_m_axi_addr64 returned 0; 0 sec.
INFO: [HLS 200-0] Handling lenet5_ap2/source/func.cpp as C++
INFO: [HLS 200-0] Syntax Checking before pre-processing...
INFO: [HLS 200-100] Execute       clang  -fno-limit-debug-info -gcc-toolchain "/opt/Xilinx/Vivado_HLS/2017.2/lnx64/tools/gcc" -hls    -fno-math-errno -c -emit-llvm -O0  -mllvm -disable-llvm-optzns -fno-threadsafe-statics  -fno-use-cxa-atexit  -fno-threadsafe-statics -fno-use-cxa-atexit -D__CLANG_3_1__   -I "/opt/Xilinx/Vivado_HLS/2017.2/lnx64/tools/systemc/include" -I "/opt/Xilinx/Vivado_HLS/2017.2/include" -I "/opt/Xilinx/Vivado_HLS/2017.2/include/ap_sysc" -fexceptions -I "/opt/Xilinx/Vivado_HLS/2017.2/common/technology/autopilot" -include etc/autopilot_ssdm_op.h "lenet5_ap2/source/func.cpp"  -o "/home/yagiyugo/vivado/lenet5_ap2/solution1/.autopilot/db/func.pp.00.o" 
INFO: [HLS 200-0] exec clang -fno-limit-debug-info -gcc-toolchain /opt/Xilinx/Vivado_HLS/2017.2/lnx64/tools/gcc -hls -fno-math-errno -c -emit-llvm -O0 -mllvm -disable-llvm-optzns -fno-threadsafe-statics -fno-use-cxa-atexit -fno-threadsafe-statics -fno-use-cxa-atexit -D__CLANG_3_1__ -I /opt/Xilinx/Vivado_HLS/2017.2/lnx64/tools/systemc/include -I /opt/Xilinx/Vivado_HLS/2017.2/include -I /opt/Xilinx/Vivado_HLS/2017.2/include/ap_sysc -fexceptions -I /opt/Xilinx/Vivado_HLS/2017.2/common/technology/autopilot -include etc/autopilot_ssdm_op.h lenet5_ap2/source/func.cpp -o /home/yagiyugo/vivado/lenet5_ap2/solution1/.autopilot/db/func.pp.00.o
INFO: [HLS 200-100] Command       clang returned 0; 26.75 sec.
INFO: [HLS 200-100] Execute       is_encrypted /home/yagiyugo/vivado/lenet5_ap2/solution1/.autopilot/db/func.pp.00.o 
INFO: [HLS 200-100] Command       is_encrypted returned 0; 0 sec.
INFO: [HLS 200-0] Source preprocessing
INFO: [HLS 200-100] Execute       clang  -fno-limit-debug-info -gcc-toolchain "/opt/Xilinx/Vivado_HLS/2017.2/lnx64/tools/gcc" -hls -fno-exceptions  -D__llvm__  -CC -E "lenet5_ap2/source/func.cpp"     -fno-math-errno -c -emit-llvm -O0  -mllvm -disable-llvm-optzns -fno-threadsafe-statics  -fno-use-cxa-atexit  -fno-threadsafe-statics -fno-use-cxa-atexit -D__CLANG_3_1__ -DAESL_SYN -D__SYNTHESIS__ -D__HLS_SYN__ -I "/opt/Xilinx/Vivado_HLS/2017.2/common/technology/autopilot" -I "/opt/Xilinx/Vivado_HLS/2017.2/common/technology/autopilot/ap_sysc" -include etc/autopilot_ssdm_op.h  -o "/home/yagiyugo/vivado/lenet5_ap2/solution1/.autopilot/db/func.pp.0.cpp" 
INFO: [HLS 200-0] exec clang -fno-limit-debug-info -gcc-toolchain /opt/Xilinx/Vivado_HLS/2017.2/lnx64/tools/gcc -hls -fno-exceptions -D__llvm__ -CC -E lenet5_ap2/source/func.cpp -fno-math-errno -c -emit-llvm -O0 -mllvm -disable-llvm-optzns -fno-threadsafe-statics -fno-use-cxa-atexit -fno-threadsafe-statics -fno-use-cxa-atexit -D__CLANG_3_1__ -DAESL_SYN -D__SYNTHESIS__ -D__HLS_SYN__ -I /opt/Xilinx/Vivado_HLS/2017.2/common/technology/autopilot -I /opt/Xilinx/Vivado_HLS/2017.2/common/technology/autopilot/ap_sysc -include etc/autopilot_ssdm_op.h -o /home/yagiyugo/vivado/lenet5_ap2/solution1/.autopilot/db/func.pp.0.cpp
INFO: [HLS 200-100] Command       clang returned 0; 0.07 sec.
INFO: [HLS 200-0] GCC PP time: 0 seconds per iteration
INFO: [HLS 200-100] Execute       list_core -type functional_unit 
INFO: [HLS 200-100] Command       list_core returned 0; 0 sec.
INFO: [HLS 200-0] CDT Preprocessing...
INFO: [HLS 200-0] Marker-Pragma convertor: /home/yagiyugo/vivado/lenet5_ap2/solution1/.autopilot/db/func.pp.0.cpp /home/yagiyugo/vivado/lenet5_ap2/solution1/.autopilot/db/func.pp.0.cpp.ap-line.cpp /home/yagiyugo/vivado/lenet5_ap2/solution1/.autopilot/db/func.pp.0.cpp.ap-line.cpp.CXX 1
INFO: [HLS 200-0] Converting Markers to Pragmas...
INFO: [HLS 200-100] Execute       cdt  "/home/yagiyugo/vivado/lenet5_ap2/solution1/.autopilot/db/func.pp.0.cpp.ap-line.cpp"  -m "lenet5_ap2" -o "/home/yagiyugo/vivado/lenet5_ap2/solution1/.autopilot/db/func.pp.0.cpp.ap-cdt.cpp" --pp --directive /home/yagiyugo/vivado/lenet5_ap2/solution1/solution1.directive --source /home/yagiyugo/vivado/lenet5_ap2/source/func.cpp --error /home/yagiyugo/vivado/lenet5_ap2/solution1/.autopilot/db --funcunit "AddSub AddSub_DSP AddSubnS DAddSub_fulldsp DAddSub_nodsp DDiv DExp_fulldsp DExp_meddsp DExp_nodsp DLog_fulldsp DLog_meddsp DLog_nodsp DMul_fulldsp DMul_maxdsp DMul_meddsp DMul_nodsp DRSqrt DRecip DSqrt DivnS FAddSub_fulldsp FAddSub_nodsp FDiv FExp_fulldsp FExp_meddsp FExp_nodsp FLog_fulldsp FLog_meddsp FLog_nodsp FMul_fulldsp FMul_maxdsp FMul_meddsp FMul_nodsp FRSqrt_fulldsp FRSqrt_nodsp FRecip_fulldsp FRecip_nodsp FSqrt HAddSub_fulldsp HAddSub_meddsp HAddSub_nodsp HDiv HMul_fulldsp HMul_maxdsp HMul_nodsp HSqrt Mul Mul2S Mul3S Mul4S Mul5S Mul6S Mul_LUT MulnS MuxnS" --ve --vetcl /home/yagiyugo/vivado/lenet5_ap2/solution1/.autopilot/db --ca --es --gf --pd --p2d /home/yagiyugo/vivado/lenet5_ap2/solution1/.autopilot/db --sd --scff /home/yagiyugo/vivado/lenet5_ap2/solution1/.autopilot/db/.systemc_flag --ad 
INFO: [HLS 200-0] Error:Syntax error in source:for (__decltype(__n + 0) __niter = __n;
Error:Missing ; in source:t
Error:Syntax error in source:)
 *__first = __value;
Error:Syntax error in source:for (__decltype(__n + 0) __niter = __n;
Error:Missing ; in source:t
Error:Syntax error in source:)
 *__first = __tmp;
INFO: [HLS 200-100] Command       cdt returned 0; 5.51 sec.
INFO: [HLS 200-0] Marker-Pragma convertor: /home/yagiyugo/vivado/lenet5_ap2/solution1/.autopilot/db/func.pp.0.cpp.ap-cdt.cpp /home/yagiyugo/vivado/lenet5_ap2/solution1/.autopilot/db/func.pragma.0.cpp /home/yagiyugo/vivado/lenet5_ap2/solution1/.autopilot/db/func.pragma.0.cpp.ap-line.CXX 0
INFO: [HLS 200-0] Converting Pragmas to Markers...
INFO: [HLS 200-100] Execute       source /home/yagiyugo/vivado/lenet5_ap2/solution1/.autopilot/db/pragma.status.tcl 
INFO: [HLS 200-100] Command       ap_source returned 0; 0 sec.
INFO: [HLS 200-0] Pragma Handling...
INFO: [HLS 200-0] Source preprocessing
INFO: [HLS 200-100] Execute       clang  -fno-limit-debug-info -gcc-toolchain "/opt/Xilinx/Vivado_HLS/2017.2/lnx64/tools/gcc" -hls -fno-exceptions  -D__llvm__  -CC -E "/home/yagiyugo/vivado/lenet5_ap2/solution1/.autopilot/db/func.pragma.1.cpp"     -fno-math-errno -c -emit-llvm -O0  -mllvm -disable-llvm-optzns -fno-threadsafe-statics  -fno-use-cxa-atexit  -fno-threadsafe-statics -fno-use-cxa-atexit -D__CLANG_3_1__ -DAESL_SYN -D__SYNTHESIS__ -D__HLS_SYN__ -I "/opt/Xilinx/Vivado_HLS/2017.2/common/technology/autopilot" -I "/opt/Xilinx/Vivado_HLS/2017.2/common/technology/autopilot/ap_sysc" -include etc/autopilot_ssdm_op.h  -o "/home/yagiyugo/vivado/lenet5_ap2/solution1/.autopilot/db/func.pragma.2.cpp" 
INFO: [HLS 200-0] exec clang -fno-limit-debug-info -gcc-toolchain /opt/Xilinx/Vivado_HLS/2017.2/lnx64/tools/gcc -hls -fno-exceptions -D__llvm__ -CC -E /home/yagiyugo/vivado/lenet5_ap2/solution1/.autopilot/db/func.pragma.1.cpp -fno-math-errno -c -emit-llvm -O0 -mllvm -disable-llvm-optzns -fno-threadsafe-statics -fno-use-cxa-atexit -fno-threadsafe-statics -fno-use-cxa-atexit -D__CLANG_3_1__ -DAESL_SYN -D__SYNTHESIS__ -D__HLS_SYN__ -I /opt/Xilinx/Vivado_HLS/2017.2/common/technology/autopilot -I /opt/Xilinx/Vivado_HLS/2017.2/common/technology/autopilot/ap_sysc -include etc/autopilot_ssdm_op.h -o /home/yagiyugo/vivado/lenet5_ap2/solution1/.autopilot/db/func.pragma.2.cpp
INFO: [HLS 200-100] Command       clang returned 0; 0.06 sec.
INFO: [HLS 200-0] Processing labels
INFO: [HLS 200-100] Execute       clang  -fno-limit-debug-info -gcc-toolchain /opt/Xilinx/Vivado_HLS/2017.2/lnx64/tools/gcc -hls -hls-analyze-label -hls-analyze-pragma -fno-exceptions  -D__llvm__  -w  "/home/yagiyugo/vivado/lenet5_ap2/solution1/.autopilot/db/func.pragma.2.cpp"    -fno-math-errno -c -emit-llvm -O0  -mllvm -disable-llvm-optzns -fno-threadsafe-statics  -fno-use-cxa-atexit -DAESL_SYN -D__SYNTHESIS__ -D__HLS_SYN__ -I "/opt/Xilinx/Vivado_HLS/2017.2/common/technology/autopilot" -I "/opt/Xilinx/Vivado_HLS/2017.2/common/technology/autopilot/ap_sysc" -include etc/autopilot_ssdm_op.h -g -o "/home/yagiyugo/vivado/lenet5_ap2/solution1/.autopilot/db/func.g.bc" 
INFO: [HLS 200-0] exec clang -fno-limit-debug-info -gcc-toolchain /opt/Xilinx/Vivado_HLS/2017.2/lnx64/tools/gcc -hls -hls-analyze-label -hls-analyze-pragma -fno-exceptions -D__llvm__ -w /home/yagiyugo/vivado/lenet5_ap2/solution1/.autopilot/db/func.pragma.2.cpp -fno-math-errno -c -emit-llvm -O0 -mllvm -disable-llvm-optzns -fno-threadsafe-statics -fno-use-cxa-atexit -DAESL_SYN -D__SYNTHESIS__ -D__HLS_SYN__ -I /opt/Xilinx/Vivado_HLS/2017.2/common/technology/autopilot -I /opt/Xilinx/Vivado_HLS/2017.2/common/technology/autopilot/ap_sysc -include etc/autopilot_ssdm_op.h -g -o /home/yagiyugo/vivado/lenet5_ap2/solution1/.autopilot/db/func.g.bc
INFO: [HLS 200-100] Command       clang returned 0; 10.04 sec.
INFO: [HLS 200-100] Execute       source /home/yagiyugo/vivado/lenet5_ap2/solution1/.autopilot/db/ve_warning.tcl 
INFO: [HLS 200-100] Command       ap_source returned 0; 0.01 sec.
INFO: [HLS 200-10] Validating synthesis directives ...
INFO: [HLS 200-100] Execute       source /home/yagiyugo/vivado/lenet5_ap2/solution1/.autopilot/db/pragma.status.tcl 
INFO: [HLS 200-100] Command       ap_source returned 0; 0 sec.
INFO: [HLS 200-111] Finished Checking Pragmas Time (s): cpu = 00:01:19 ; elapsed = 00:00:54 . Memory (MB): peak = 356.051 ; gain = 12.586 ; free physical = 11212 ; free virtual = 56481
INFO: [HLS 200-0] Linking Release ...
INFO: [HLS 200-100] Execute       llvm-ld /home/yagiyugo/vivado/lenet5_ap2/solution1/.autopilot/db/lenet5_ap2.bc /home/yagiyugo/vivado/lenet5_ap2/solution1/.autopilot/db/init.bc /home/yagiyugo/vivado/lenet5_ap2/solution1/.autopilot/db/func.bc -disable-opt -L/opt/Xilinx/Vivado_HLS/2017.2/lnx64/lib -lm_basic -o /home/yagiyugo/vivado/lenet5_ap2/solution1/.autopilot/db/a.o 
INFO: [HLS 200-100] Command       llvm-ld returned 0; 1.57 sec.
INFO: [HLS 200-100] Execute       disassemble /home/yagiyugo/vivado/lenet5_ap2/solution1/.autopilot/db/a.o /home/yagiyugo/vivado/lenet5_ap2/solution1/.autopilot/db/a.o 
INFO: [HLS 200-100] Execute         is_encrypted /home/yagiyugo/vivado/lenet5_ap2/solution1/.autopilot/db/a.o.bc 
INFO: [HLS 200-100] Command         is_encrypted returned 0; 0 sec.
INFO: [HLS 200-100] Command       disassemble returned 0; 0.91 sec.
INFO: [HLS 200-0] Disassemble time: 0 seconds per iteration
INFO: [HLS 200-0] Linking Debug ...
INFO: [HLS 200-100] Execute       llvm-ld /home/yagiyugo/vivado/lenet5_ap2/solution1/.autopilot/db/lenet5_ap2.g.bc /home/yagiyugo/vivado/lenet5_ap2/solution1/.autopilot/db/init.g.bc /home/yagiyugo/vivado/lenet5_ap2/solution1/.autopilot/db/func.g.bc -disable-opt -L/opt/Xilinx/Vivado_HLS/2017.2/lnx64/lib -lm_basic -o /home/yagiyugo/vivado/lenet5_ap2/solution1/.autopilot/db/a.g 
INFO: [HLS 200-100] Command       llvm-ld returned 0; 1.63 sec.
INFO: [HLS 200-100] Execute       disassemble /home/yagiyugo/vivado/lenet5_ap2/solution1/.autopilot/db/a.g /home/yagiyugo/vivado/lenet5_ap2/solution1/.autopilot/db/a.g 
INFO: [HLS 200-100] Execute         is_encrypted /home/yagiyugo/vivado/lenet5_ap2/solution1/.autopilot/db/a.g.bc 
INFO: [HLS 200-100] Command         is_encrypted returned 0; 0 sec.
INFO: [HLS 200-100] Command       disassemble returned 0; 0.9 sec.
INFO: [HLS 200-0] Disassemble time: 0 seconds per iteration
INFO: [HLS 200-111] Finished Linking Time (s): cpu = 00:01:24 ; elapsed = 00:00:59 . Memory (MB): peak = 356.051 ; gain = 12.586 ; free physical = 11090 ; free virtual = 56478
INFO: [HLS 200-100] Execute       opt_and_import_c a -opt_level=2 -skip_syncheck=0 -ng=0 -keep_printf=0 
INFO: [HLS 200-100] Execute         cleanup_all_models 
INFO: [HLS 200-100] Command         cleanup_all_models returned 0; 0 sec.
INFO: [HLS 200-10] Starting code transformations ...
INFO: [HLS 200-100] Execute         transform -promote-dbg-pointer /home/yagiyugo/vivado/lenet5_ap2/solution1/.autopilot/db/a.pp.bc -o /home/yagiyugo/vivado/lenet5_ap2/solution1/.autopilot/db/a.pp.0.bc -f 
INFO: [HLS 200-100] Command         transform returned 0; 0.64 sec.
INFO: [HLS 200-100] Execute         llvm-ld /home/yagiyugo/vivado/lenet5_ap2/solution1/.autopilot/db/a.pp.0.bc -disable-opt -L/opt/Xilinx/Vivado_HLS/2017.2/lnx64/lib -lfloatconversion -o /home/yagiyugo/vivado/lenet5_ap2/solution1/.autopilot/db/a.g.0 
INFO: [HLS 200-100] Command         llvm-ld returned 0; 4.68 sec.
INFO: [HLS 200-0] Running Standard Transforms...
INFO: [HLS 200-100] Execute         transform -hls -share-std-xform -demangle-name -inline-byval-memcpy -always-inline -promote-dbg-pointer -interface-preproc -scalarrepl -mem2reg -keep-read-access -instcombine -dce -promote-dbg-pointer -bitop-raise -loop-simplify -indvarspre -indvars -loop-simplify -xunroll -constprop -instcombine -simplifycfg -indvars -simplifycfg -dce -globaldce -basicaa -simplifycfg -mem2reg -globalopt -global-constprop -deadargelim -instcombine -simplifycfg -prune-eh -simplifycfg -scalarrepl -instcombine -reassociate -licm -simplifycfg -loop-simplify -indvars -instcombine -simplifycfg -mem2reg -loop-simplify -indvars -instcombine -gvn -gvn -instcombine -adce -break-crit-edges -simplifycfg -loop-delete -global-array-opt -dce -dse -adce -find-syn-modules -top lenet5_ap2 -deadargelim -mem2reg -instcombine -dce -presyn-prepare -auto-rom-infer -interface-preproc -syn-check -check-rec-only -find-region -simplifycfg -func-extr -function-inline -globaldce -mem2reg -instcombine -dce -gvn -globaldce -adce -adse -constprop -instcombine -bit-constprop -instcombine -dce -simplifycfg -bitop-raise -simplifycfg -dce -loop-delete -reassociate -globalopt -global-privatize -mem2reg -dce -global-constprop -pointer-simplify -constprop -dce -func-inst -deadargelim -auto-shift-reg-idiom -promote-dbg-pointer -norm-name /home/yagiyugo/vivado/lenet5_ap2/solution1/.autopilot/db/a.g.0.bc -o /home/yagiyugo/vivado/lenet5_ap2/solution1/.autopilot/db/a.g.1.bc -f -phase std-opt 
INFO: [HLS 200-100] Command         transform returned 0; 7.06 sec.
INFO: [HLS 200-100] Execute         disassemble /home/yagiyugo/vivado/lenet5_ap2/solution1/.autopilot/db/a.g.1 /home/yagiyugo/vivado/lenet5_ap2/solution1/.autopilot/db/a.g.1 
INFO: [HLS 200-100] Execute           is_encrypted /home/yagiyugo/vivado/lenet5_ap2/solution1/.autopilot/db/a.g.1.bc 
INFO: [HLS 200-100] Command           is_encrypted returned 0; 0 sec.
INFO: [HLS 200-100] Command         disassemble returned 0; 1.76 sec.
INFO: [HLS 200-111] Finished Standard Transforms Time (s): cpu = 00:01:37 ; elapsed = 00:01:13 . Memory (MB): peak = 1060.055 ; gain = 716.590 ; free physical = 10386 ; free virtual = 55944
INFO: [HLS 200-10] Checking synthesizability ...
INFO: [HLS 200-0] Checking Synthesizability 1/2..
INFO: [HLS 200-100] Execute         transform -hls -syn-check -check-rec-only -disaggr -scalarrepl -norm-name -dce -mem2reg -instcombine -function-uniquify -directive-preproc -mem2reg -dse -dce -auto-rom-infer -dce -array-normalize -instcombine -dce -warn-fifo-pointer -array-seg-normalize -instcombine -dce -array-flatten -instcombine -dce -array-burst -dce -deadargelim -promote-global-argument -simplifycfg -mem2reg -globaldce -resolve-double-ptr -dce -deadargelim -dce -instcombine -function-inline -globaldce -dce -doublePtrSimplify -doublePtrElim -dce -doublePtrSimplify -promote-dbg-pointer -dce -scalarrepl -dse -adse -instcombine -ptrLegalization -simplifycfg -dce -instcombine -pointer-simplify -ptrArgReplace -dce -instcombine -disaggr -scalarrepl -norm-name -dce -mem2reg -instcombine -ptrLegalization -simplifycfg -deadargelim -instcombine -dce -inst-simplify -function-uniquify -directive-preproc -mem2reg -dse -dce -globaldce /home/yagiyugo/vivado/lenet5_ap2/solution1/.autopilot/db/a.g.1.bc -o /home/yagiyugo/vivado/lenet5_ap2/solution1/.autopilot/db/a.g.2.prechk.bc -f 
INFO: [HLS 200-100] Command         transform returned 0; 1.32 sec.
INFO: [HLS 200-0] Checking Synthesizability 2/2..
INFO: [HLS 200-100] Execute         transform -syn-check /home/yagiyugo/vivado/lenet5_ap2/solution1/.autopilot/db/a.g.2.prechk.bc -o /home/yagiyugo/vivado/lenet5_ap2/solution1/.autopilot/db/a.g.2.bc -f -phase syn-check 
WARNING: [SYNCHK 200-62] lenet5_ap2/source/lenet5_ap2.cpp:130: warning: out of bound array access on variable 'fc_dot'.
INFO: [SYNCHK 200-10] 0 error(s), 1 warning(s).
INFO: [HLS 200-100] Command         transform returned 0; 0.75 sec.
INFO: [HLS 200-111] Finished Checking Synthesizability Time (s): cpu = 00:01:39 ; elapsed = 00:01:15 . Memory (MB): peak = 1113.176 ; gain = 769.711 ; free physical = 10254 ; free virtual = 55836
INFO: [HLS 200-0] Compiler optimizing ...
INFO: [HLS 200-0] Share syncheck's 1.bc for syn flow: copy /home/yagiyugo/vivado/lenet5_ap2/solution1/.autopilot/db/a.g.1.bc to /home/yagiyugo/vivado/lenet5_ap2/solution1/.autopilot/db/a.o.1.bc
INFO: [HLS 200-0] Presyn 1...
INFO: [HLS 200-100] Execute         transform -hls -tmp /home/yagiyugo/vivado/lenet5_ap2/solution1/.autopilot/db -interface-port-rename -type-info -function-uniquify -directive-preproc -mem2reg -dse -dce -disaggr -scalarrepl -norm-name -deadargelim -mem2reg -instcombine -dce -auto-rom-infer -dce -function-uniquify -resource-proc -simplifycfg -mem2reg -globaldce -resolve-double-ptr -dce -deadargelim -dce -instcombine -clib-intrinsic-prepare -dce -func-buffer -dce -array-normalize -func-legal -instcombine -gvn -constprop -dce -ptrArgReplace -mem2reg -instcombine -dce -array-seg-normalize -deadargelim -instcombine -dce -pointer-simplify -dce -port-alignment -dce -interface-preproc -data-pack -instcombine -dce -basicaa -aggr-aa -aggrmodref-aa -aggr-aa -gvn -gvn -basicaa -aggr-aa -aggrmodref-aa -aggr-aa -dse -adse -adce -loop-simplify -indvars -instcombine -gvn -loop-simplify -mem2reg -dce -simplifycfg -find-region -instcombine -auto-loop-pipeline -inst-simplify -interface-preproc -cfgopt -instcombine -indvars -auto-loop-unroll -loop-simplify -loop-bound -xunroll -constprop -instcombine -simplifycfg -indvars -simplifycfg -dce -globaldce -clean-region -attach-range -gvn -inst-simplify -constprop -simplifycfg -dce -pointer-simplify -dce -globalopt -constprop -dce -array-promote -constprop -instcombine -dce -ptrArgReplace -mem2reg -instcombine -simplifycfg -dce -auto-par -instcombine -dce -array-transform-check -array-reshape -instcombine -simplifycfg -dce -ptrArgReplace -deadargelim -mem2reg -instcombine -simplifycfg -dce -indvars -loop-simplify -loop-bound -xunroll -constprop -instcombine -simplifycfg -indvars -simplifycfg -dce -globaldce -duplicate-dataflow-processes -globaldce -instcombine -array-partition -instcombine -simplifycfg -dce -ptrArgReplace -global-constprop -deadargelim -mem2reg -func-legal -instcombine -dce -global-constprop -deadargelim -mem2reg -instcombine -simplifycfg -dce -globalopt -constprop -dce -array-promote -constprop -instcombine -dce -ptrArgReplace -mem2reg -instcombine -simplifycfg -dce -mem-intrinsic-preproc -dce -global-privatize -mem2reg -globaldce -promote-global-argument -ptrArgReplace -mem2reg -instcombine -dce -globalopt -mergereturn -simplify-global-access -mem2reg -dce -pointer-simplify -dce -functionattrs -basicaa -aggr-aa -aggrmodref-aa -aggr-aa -gvn -gvn -basicaa -aggr-aa -aggrmodref-aa -aggr-aa -dse -adse -adce -inst-simplify -dce -norm-name -function-inline -globaldce -func-inst -constprop -instcombine -simplifycfg -dce -func-legal -dce -loop-bound -arraycheck -bitwidthmin -on-by-dataflow -loop-delete -instcombine -simplifycfg -globaldce -dce -gvn -deadargelim -dce -loop-simplify -clean-region -simplifycfg -propagate-stable-arguments -loop-stream -instcombine -simplifycfg -dce -globaldce -stream-intrinsic-preproc -dce -check-ap-stream -loop-simplify -eliminate-keepreads -extract-dataflow-in-loop -loop-simplify -dce -gvn -deadargelim -dse -check-dataflow-syntax -legalize-stream-variable -legalize-global -extract-subproc -dce -dead-channel-elimination -canonicalize-gep -globaldce -dce -gvn -deadargelim -annotate-dataflow-channels -scalar-propagation -deadargelim -globaldce -mem2reg -check-dataflow-channels -function-stream -dce -globaldce -prop-fifo-spec -internal-stream-gen -canonicalize-gep -globaldce -dce -gvn -deadargelim -mergereturn -indvars -loop-simplify -instcombine -array-stream -array-seg-normalize -array-partition -func-legal -instcombine -simplifycfg -dce -bundle-memfifo-ops -deadargelim -function-uniquify -directive-preproc -mem2reg -dse -dce -group-axi-access -licm -simplifycfg -dce -loop-delete -norm-name /home/yagiyugo/vivado/lenet5_ap2/solution1/.autopilot/db/a.o.1.bc -o /home/yagiyugo/vivado/lenet5_ap2/solution1/.autopilot/db/a.o.1.tmp.bc -f 
INFO: [XFORM 203-502] Unrolling small iteration loop 'Loop-1.1.1.1.1.1' (lenet5_ap2/source/lenet5_ap2.cpp:22) in function 'lenet5_ap2' automatically.
INFO: [XFORM 203-501] Unrolling loop 'Loop-1.1.1.1.1.1' (lenet5_ap2/source/lenet5_ap2.cpp:22) in function 'lenet5_ap2' completely.
INFO: [HLS 200-100] Command         transform returned 0; 1.42 sec.
INFO: [HLS 200-0] Presyn 2...
INFO: [HLS 200-100] Execute         transform -hls -keep-callgraph -scalarrepl -mem2reg -port-alignment -attach-range -dce -pipe-mux-gen -indvars -loop-bound -inst-simplify -instcombine -dce -merge-array-access -mem2reg -dce -clean-region -mergereturn -if-conv -instcombine -dce -constprop -basicaa -aggr-aa -aggrmodref-aa -aggr-aa -gvn -gvn -basicaa -aggr-aa -aggrmodref-aa -aggr-aa -dse -adse -adce -scalarrepl -mem2reg -global-constprop -deadargelim -deadargelim -instcombine -dce -simplifycfg -ptrArgReplace -mem2reg -function-inline -globaldce -mem2reg -instcombine -dce -expr-balance -instcombine -dce -bitwidthmin -interface-preproc -directive-preproc -inst-rectify -instcombine -dce -functionattrs -constprop -instcombine -bit-constprop -simplify-global-access -globalopt -globaldce -inst-simplify -instcombine -elimdeaddata -dce -loop-delete -simplifycfg -loop-simplify -auto-burst -norm-name /home/yagiyugo/vivado/lenet5_ap2/solution1/.autopilot/db/a.o.1.tmp.bc -o /home/yagiyugo/vivado/lenet5_ap2/solution1/.autopilot/db/a.o.2.bc -f -phase presyn 
INFO: [XFORM 203-401] Performing if-conversion on hyperblock from (lenet5_ap2/source/lenet5_ap2.cpp:134:3) to (lenet5_ap2/source/lenet5_ap2.cpp:129:21) in function 'lenet5_ap2'... converting 5 basic blocks.
INFO: [XFORM 203-11] Balancing expressions in function 'lenet5_ap2' (lenet5_ap2/source/lenet5_ap2.cpp:10)...3 expression(s) balanced.
INFO: [HLS 200-100] Command         transform returned 0; 0.68 sec.
INFO: [HLS 200-100] Execute         disassemble /home/yagiyugo/vivado/lenet5_ap2/solution1/.autopilot/db/a.o.2 /home/yagiyugo/vivado/lenet5_ap2/solution1/.autopilot/db/a.o.2 
INFO: [HLS 200-100] Execute           is_encrypted /home/yagiyugo/vivado/lenet5_ap2/solution1/.autopilot/db/a.o.2.bc 
INFO: [HLS 200-100] Command           is_encrypted returned 0; 0 sec.
INFO: [HLS 200-100] Command         disassemble returned 0; 0.78 sec.
INFO: [HLS 200-111] Finished Pre-synthesis Time (s): cpu = 00:01:42 ; elapsed = 00:01:18 . Memory (MB): peak = 1508.051 ; gain = 1164.586 ; free physical = 9734 ; free virtual = 55480
INFO: [HLS 200-0] Building ssdm...
INFO: [HLS 200-100] Execute         transform -hls -function-uniquify -auto-function-inline -globaldce -ptrArgReplace -mem2reg -instcombine -dce -reset-lda -loop-simplify -indvars -licm -loop-dep -loop-bound -licm -loop-simplify -flattenloopnest -array-flatten -gvn -instcombine -dce -array-map -dce -func-legal -gvn -adce -instcombine -cfgopt -simplifycfg -loop-simplify -array-burst -promote-global-argument -dce -axi4-lower -array-seg-normalize -basicaa -aggrmodref-aa -globalsmodref-aa -aggr-aa -gvn -gvn -basicaa -aggrmodref-aa -globalsmodref-aa -aggr-aa -dse -adse -adce -licm -inst-simplify -dce -globaldce -instcombine -array-stream -eliminate-keepreads -instcombine -dce -deadargelim -doublePtrSimplify -doublePtrElim -dce -doublePtrSimplify -promote-dbg-pointer -dce -scalarrepl -mem2reg -disaggr -norm-name -mem2reg -instcombine -dse -adse -adce -ptrLegalization -dce -auto-rom-infer -array-flatten -dce -instcombine -check-doubleptr -loop-rot -constprop -cfgopt -simplifycfg -loop-simplify -indvars -pointer-simplify -dce -loop-bound -loop-simplify -loop-preproc -constprop -global-constprop -gvn -mem2reg -instcombine -dce -loop-bound -loop-merge -dce -bitwidthmin -deadargelim -dce -canonicalize-dataflow -dce -scalar-propagation -deadargelim -globaldce -mem2reg -interface-preproc -interface-gen -deadargelim -directive-preproc -inst-simplify -dce -gvn -mem2reg -instcombine -dce -adse -loop-bound -instcombine -cfgopt -simplifycfg -loop-simplify -clean-region -io-protocol -find-region -mem2reg -bitop-raise -inst-simplify -inst-rectify -instcombine -adce -deadargelim -loop-simplify -phi-opt -bitop-raise -cfgopt -simplifycfg -strip-dead-prototypes -interface-lower -bitop-lower -intrinsic-lower -auto-function-inline -basicaa -aggrmodref-aa -globalsmodref-aa -aggr-aa -inst-simplify -simplifycfg -loop-simplify -mergereturn -inst-simplify -inst-rectify -dce -bitop-lower -loop-rewind -pointer-simplify -dce -cfgopt -read-loop-dep -dce -bitwidth -loop-dep -norm-name -legalize -validate-dataflow -cdfg-build /home/yagiyugo/vivado/lenet5_ap2/solution1/.autopilot/db/a.o.2.bc -o /home/yagiyugo/vivado/lenet5_ap2/solution1/.autopilot/db/a.o.3.bc -f -phase build-ssdm 
INFO: [HLS 200-100] Command         transform returned 0; 0.75 sec.
INFO: [HLS 200-100] Execute         disassemble /home/yagiyugo/vivado/lenet5_ap2/solution1/.autopilot/db/a.o.3 /home/yagiyugo/vivado/lenet5_ap2/solution1/.autopilot/db/a.o.3 
INFO: [HLS 200-100] Execute           is_encrypted /home/yagiyugo/vivado/lenet5_ap2/solution1/.autopilot/db/a.o.3.bc 
INFO: [HLS 200-100] Command           is_encrypted returned 0; 0 sec.
INFO: [HLS 200-100] Command         disassemble returned 0; 0.05 sec.
INFO: [HLS 200-111] Finished Architecture Synthesis Time (s): cpu = 00:01:43 ; elapsed = 00:01:19 . Memory (MB): peak = 1519.930 ; gain = 1176.465 ; free physical = 9669 ; free virtual = 55416
INFO: [HLS 200-0] Finish building internal data model.
INFO: [HLS 200-100] Command       opt_and_import_c returned 0; 19.98 sec.
INFO: [HLS 200-100] Command     elaborate returned 0; 78.61 sec.
INFO: [HLS 200-100] Execute     autosyn 
INFO: [HLS 200-10] Starting hardware synthesis ...
INFO: [HLS 200-0] Synthesizing C/C++ design ...
INFO: [HLS 200-10] Synthesizing 'lenet5_ap2' ...
INFO: [HLS 200-100] Execute       ap_set_top_model lenet5_ap2 
INFO: [HLS 200-100] Command       ap_set_top_model returned 0; 0 sec.
INFO: [HLS 200-100] Execute       get_model_list lenet5_ap2 -filter all-wo-channel -topdown 
INFO: [HLS 200-100] Command       get_model_list returned 0; 0 sec.
INFO: [HLS 200-100] Execute       preproc_iomode -model lenet5_ap2 
INFO: [HLS 200-100] Command       preproc_iomode returned 0; 0 sec.
INFO: [HLS 200-100] Execute       get_model_list lenet5_ap2 -filter all-wo-channel 
INFO: [HLS 200-100] Command       get_model_list returned 0; 0 sec.
INFO: [HLS 200-0] Model list for configure: lenet5_ap2
INFO: [HLS 200-0] Configuring Module : lenet5_ap2 ...
INFO: [HLS 200-100] Execute       set_default_model lenet5_ap2 
INFO: [HLS 200-100] Command       set_default_model returned 0; 0 sec.
INFO: [HLS 200-100] Execute       apply_spec_resource_limit lenet5_ap2 
INFO: [HLS 200-100] Command       apply_spec_resource_limit returned 0; 0 sec.
INFO: [HLS 200-0] Model list for preprocess: lenet5_ap2
INFO: [HLS 200-0] Preprocessing Module: lenet5_ap2 ...
INFO: [HLS 200-100] Execute       set_default_model lenet5_ap2 
INFO: [HLS 200-100] Command       set_default_model returned 0; 0 sec.
INFO: [HLS 200-100] Execute       cdfg_preprocess -model lenet5_ap2 
INFO: [HLS 200-100] Command       cdfg_preprocess returned 0; 0 sec.
INFO: [HLS 200-100] Execute       rtl_gen_preprocess lenet5_ap2 
WARNING: [SYN 201-107] Renaming port name 'lenet5_ap2/in' to 'lenet5_ap2/in_r' to avoid the conflict with HDL keywords or other object names.
INFO: [HLS 200-100] Command       rtl_gen_preprocess returned 0; 0 sec.
INFO: [HLS 200-0] Model list for synthesis: lenet5_ap2
INFO: [HLS 200-10] ----------------------------------------------------------------
INFO: [HLS 200-10] -- Implementing module 'lenet5_ap2' 
INFO: [HLS 200-10] ----------------------------------------------------------------
INFO: [HLS 200-100] Execute       set_default_model lenet5_ap2 
INFO: [HLS 200-100] Command       set_default_model returned 0; 0 sec.
INFO: [HLS 200-100] Execute       schedule -model lenet5_ap2 
INFO: [SCHED 204-11] Starting scheduling ...
INFO: [SCHED 204-11] Finished scheduling.
INFO: [HLS 200-100] Command       schedule returned 0; 0.38 sec.
INFO: [HLS 200-111]  Elapsed time: 79.35 seconds; current allocated memory: 1.041 GB.
INFO: [HLS 200-100] Execute       report -o /home/yagiyugo/vivado/lenet5_ap2/solution1/.autopilot/db/lenet5_ap2.verbose.sched.rpt -verbose -f 
INFO: [HLS 200-100] Command       report returned 0; 0.06 sec.
INFO: [HLS 200-100] Execute       db_write -o /home/yagiyugo/vivado/lenet5_ap2/solution1/.autopilot/db/lenet5_ap2.sched.adb -f 
INFO: [HLS 200-100] Command       db_write returned 0; 0.06 sec.
INFO: [HLS 200-0] Finish scheduling lenet5_ap2.
INFO: [HLS 200-100] Execute       set_default_model lenet5_ap2 
INFO: [HLS 200-100] Command       set_default_model returned 0; 0 sec.
INFO: [HLS 200-100] Execute       bind -model lenet5_ap2 
INFO: [BIND 205-110] clear=
INFO: [BIND 205-110] debug=
INFO: [BIND 205-110] drf=
INFO: [BIND 205-110] effort=
INFO: [BIND 205-110] fast_refine=
INFO: [BIND 205-110] fu_weight=[ 0.0 -- 1.0 ]
INFO: [BIND 205-110] global_opt=
INFO: [BIND 205-110] gsearch=
INFO: [BIND 205-110] help=
INFO: [BIND 205-110] help-hidden=
INFO: [BIND 205-110] min_mem_port=
INFO: [BIND 205-110] min_op=
INFO: [BIND 205-110] minreg=
INFO: [BIND 205-110] ml=
INFO: [BIND 205-110] model=lenet5_ap2
INFO: [BIND 205-110] no_false_path=
INFO: [BIND 205-110] no_min_op=
INFO: [BIND 205-110] normalize=
INFO: [BIND 205-110] quiet=
INFO: [BIND 205-110] refine=
INFO: [BIND 205-110] reg_weight=[ 0.0 -- 1.0 ]
INFO: [BIND 205-110] search=
INFO: [BIND 205-110] tight_delay=
INFO: [BIND 205-110] verbose=
INFO: [BIND 205-110] wFF=
INFO: [BIND 205-110] wFU=
INFO: [BIND 205-110] wMUX=
INFO: [BIND 205-110] wNET=
INFO: [BIND 205-100] Starting micro-architecture generation ...
INFO: [BIND 205-101] Performing variable lifetime analysis.
INFO: [BIND 205-101] Exploring resource sharing.
INFO: [BIND 205-101] Binding ...
INFO: [BIND 205-100] Finished micro-architecture generation.
INFO: [HLS 200-100] Command       bind returned 0; 0.13 sec.
INFO: [HLS 200-111]  Elapsed time: 0.27 seconds; current allocated memory: 1.044 GB.
INFO: [HLS 200-100] Execute       report -o /home/yagiyugo/vivado/lenet5_ap2/solution1/.autopilot/db/lenet5_ap2.verbose.bind.rpt -verbose -f 
INFO: [HLS 200-100] Command       report returned 0; 0.26 sec.
INFO: [HLS 200-100] Execute       db_write -o /home/yagiyugo/vivado/lenet5_ap2/solution1/.autopilot/db/lenet5_ap2.bind.adb -f 
INFO: [HLS 200-100] Command       db_write returned 0; 0.07 sec.
INFO: [HLS 200-0] Finish binding lenet5_ap2.
INFO: [HLS 200-100] Execute       get_model_list lenet5_ap2 -filter all-wo-channel 
INFO: [HLS 200-100] Command       get_model_list returned 0; 0 sec.
INFO: [HLS 200-0] Preprocessing for RTLGen ...
INFO: [HLS 200-100] Execute       rtl_gen_preprocess lenet5_ap2 
INFO: [HLS 200-100] Command       rtl_gen_preprocess returned 0; 0 sec.
INFO: [HLS 200-0] Model list for RTL generation: lenet5_ap2
INFO: [HLS 200-10] ----------------------------------------------------------------
INFO: [HLS 200-10] -- Generating RTL for module 'lenet5_ap2' 
INFO: [HLS 200-10] ----------------------------------------------------------------
INFO: [HLS 200-100] Execute       create_rtl_model lenet5_ap2 -vendor xilinx -mg_file /home/yagiyugo/vivado/lenet5_ap2/solution1/.autopilot/db/lenet5_ap2.compgen.tcl 
INFO: [RTGEN 206-500] Setting interface mode on port 'lenet5_ap2/index' to 'ap_none'.
INFO: [RTGEN 206-500] Setting interface mode on port 'lenet5_ap2/conv_bias' to 'ap_memory'.
INFO: [RTGEN 206-500] Setting interface mode on port 'lenet5_ap2/in_r' to 'ap_memory'.
INFO: [RTGEN 206-500] Setting interface mode on port 'lenet5_ap2/conv_weight' to 'ap_memory'.
INFO: [RTGEN 206-500] Setting interface mode on port 'lenet5_ap2/conv_dot' to 'ap_memory'.
INFO: [RTGEN 206-500] Setting interface mode on port 'lenet5_ap2/pool_dot' to 'ap_memory'.
INFO: [RTGEN 206-500] Setting interface mode on port 'lenet5_ap2/fc_in' to 'ap_memory'.
INFO: [RTGEN 206-500] Setting interface mode on port 'lenet5_ap2/fc_weight' to 'ap_memory'.
INFO: [RTGEN 206-500] Setting interface mode on port 'lenet5_ap2/fc_bias' to 'ap_memory'.
INFO: [RTGEN 206-500] Setting interface mode on port 'lenet5_ap2/fc_dot' to 'ap_memory'.
INFO: [RTGEN 206-500] Setting interface mode on function 'lenet5_ap2' to 'ap_ctrl_hs'.
INFO: [SYN 201-210] Renamed object name 'lenet5_ap2_dadd_64ns_64ns_64_5_full_dsp' to 'lenet5_ap2_dadd_6bkb' due to the length limit 20
INFO: [SYN 201-210] Renamed object name 'lenet5_ap2_dmul_64ns_64ns_64_6_max_dsp' to 'lenet5_ap2_dmul_6cud' due to the length limit 20
INFO: [SYN 201-210] Renamed object name 'lenet5_ap2_dcmp_64ns_64ns_1_1' to 'lenet5_ap2_dcmp_6dEe' due to the length limit 20
INFO: [SYN 201-210] Renamed object name 'lenet5_ap2_mac_muladd_15ns_10ns_25ns_25_1' to 'lenet5_ap2_mac_mueOg' due to the length limit 20
INFO: [RTGEN 206-100] Generating core module 'lenet5_ap2_dadd_6bkb': 1 instance(s).
INFO: [RTGEN 206-100] Generating core module 'lenet5_ap2_dcmp_6dEe': 1 instance(s).
INFO: [RTGEN 206-100] Generating core module 'lenet5_ap2_dmul_6cud': 1 instance(s).
INFO: [RTGEN 206-100] Generating core module 'lenet5_ap2_mac_mueOg': 1 instance(s).
INFO: [RTGEN 206-100] Finished creating RTL model for 'lenet5_ap2'.
INFO: [HLS 200-100] Command       create_rtl_model returned 0; 0.09 sec.
INFO: [HLS 200-111]  Elapsed time: 0.43 seconds; current allocated memory: 1.048 GB.
INFO: [HLS 200-100] Execute       source /home/yagiyugo/vivado/lenet5_ap2/solution1/.autopilot/db/lenet5_ap2.rtl_wrap.cfg.tcl 
INFO: [HLS 200-100] Command       ap_source returned 0; 0 sec.
INFO: [HLS 200-100] Execute       gen_rtl lenet5_ap2 -istop -style xilinx -tracefl mytrace -tracefmt vcd -traceopt all -f -lang sc -o /home/yagiyugo/vivado/lenet5_ap2/solution1/syn/systemc/lenet5_ap2 -synmodules lenet5_ap2 
INFO: [HLS 200-100] Command       gen_rtl returned 0; 0.01 sec.
INFO: [HLS 200-100] Execute       gen_rtl lenet5_ap2 -istop -style xilinx -f -lang vhdl -o /home/yagiyugo/vivado/lenet5_ap2/solution1/syn/vhdl/lenet5_ap2 
INFO: [HLS 200-100] Command       gen_rtl returned 0; 0.15 sec.
INFO: [HLS 200-100] Execute       gen_rtl lenet5_ap2 -istop -style xilinx -f -lang vlog -o /home/yagiyugo/vivado/lenet5_ap2/solution1/syn/verilog/lenet5_ap2 
INFO: [HLS 200-100] Command       gen_rtl returned 0; 0.07 sec.
INFO: [HLS 200-100] Execute       export_constraint_db -o /home/yagiyugo/vivado/lenet5_ap2/solution1/.autopilot/db/lenet5_ap2.constraint.tcl -f -tool general 
INFO: [HLS 200-100] Command       export_constraint_db returned 0; 0 sec.
INFO: [HLS 200-100] Execute       report -model lenet5_ap2 -o /home/yagiyugo/vivado/lenet5_ap2/solution1/.autopilot/db/lenet5_ap2.design.xml -verbose -f -dv 
INFO: [HLS 200-100] Command       report returned 0; 0.14 sec.
INFO: [HLS 200-100] Execute       report -model lenet5_ap2 -o /home/yagiyugo/vivado/lenet5_ap2/solution1/.autopilot/db/lenet5_ap2.sdaccel.xml -verbose -f -sdaccel 
INFO: [HLS 200-100] Command       report returned 0; 0.22 sec.
INFO: [HLS 200-100] Execute       gen_tb_info lenet5_ap2 -o /home/yagiyugo/vivado/lenet5_ap2/solution1/.autopilot/db/lenet5_ap2 -p /home/yagiyugo/vivado/lenet5_ap2/solution1/.autopilot/db 
INFO: [HLS 200-100] Command       gen_tb_info returned 0; 0 sec.
INFO: [HLS 200-100] Execute       report -model lenet5_ap2 -o /home/yagiyugo/vivado/lenet5_ap2/solution1/syn/report/lenet5_ap2_csynth.rpt -f 
INFO: [HLS 200-100] Command       report returned 0; 0.07 sec.
INFO: [HLS 200-100] Execute       report -model lenet5_ap2 -o /home/yagiyugo/vivado/lenet5_ap2/solution1/syn/report/lenet5_ap2_csynth.xml -f -x 
INFO: [HLS 200-100] Command       report returned 0; 0.07 sec.
INFO: [HLS 200-100] Execute       report -model lenet5_ap2 -o /home/yagiyugo/vivado/lenet5_ap2/solution1/.autopilot/db/lenet5_ap2.verbose.rpt -verbose -f 
INFO: [HLS 200-100] Command       report returned 0; 0.32 sec.
INFO: [HLS 200-100] Execute       db_write -model lenet5_ap2 -o /home/yagiyugo/vivado/lenet5_ap2/solution1/.autopilot/db/lenet5_ap2.adb -f 
INFO: [HLS 200-100] Command       db_write returned 0; 0.14 sec.
INFO: [HLS 200-100] Execute       sc_get_clocks lenet5_ap2 
INFO: [HLS 200-100] Command       sc_get_clocks returned 0; 0 sec.
INFO: [HLS 200-100] Execute       sc_get_portdomain lenet5_ap2 
INFO: [HLS 200-100] Command       sc_get_portdomain returned 0; 0 sec.
INFO: [HLS 200-0] Model list for RTL component generation: lenet5_ap2
INFO: [HLS 200-0] Handling components in module [lenet5_ap2] ... 
INFO: [HLS 200-100] Execute       source /home/yagiyugo/vivado/lenet5_ap2/solution1/.autopilot/db/lenet5_ap2.compgen.tcl 
INFO: [HLS 200-0] Found component lenet5_ap2_dadd_6bkb.
INFO: [HLS 200-0] Append model lenet5_ap2_dadd_6bkb
INFO: [HLS 200-0] Found component lenet5_ap2_dmul_6cud.
INFO: [HLS 200-0] Append model lenet5_ap2_dmul_6cud
INFO: [HLS 200-0] Found component lenet5_ap2_dcmp_6dEe.
INFO: [HLS 200-0] Append model lenet5_ap2_dcmp_6dEe
INFO: [HLS 200-0] Found component lenet5_ap2_mac_mueOg.
INFO: [HLS 200-0] Append model lenet5_ap2_mac_mueOg
INFO: [HLS 200-100] Command       ap_source returned 0; 0 sec.
INFO: [HLS 200-0] Append model lenet5_ap2
INFO: [HLS 200-0] Generating RTL model list ...
INFO: [HLS 200-0] All models in this session: lenet5_ap2_dadd_6bkb lenet5_ap2_dmul_6cud lenet5_ap2_dcmp_6dEe lenet5_ap2_mac_mueOg lenet5_ap2
INFO: [HLS 200-0] To file: write model lenet5_ap2_dadd_6bkb
INFO: [HLS 200-0] To file: write model lenet5_ap2_dmul_6cud
INFO: [HLS 200-0] To file: write model lenet5_ap2_dcmp_6dEe
INFO: [HLS 200-0] To file: write model lenet5_ap2_mac_mueOg
INFO: [HLS 200-0] To file: write model lenet5_ap2
INFO: [HLS 200-0] Finished generating RTL model list.


INFO: [HLS 200-0] RTL Generation done.
INFO: [HLS 200-0] CAS Generation done.
INFO: [HLS 200-0] CBC Generation done.
INFO: [HLS 200-100] Execute       export_ssdm /home/yagiyugo/vivado/lenet5_ap2/solution1/.autopilot/db/a.export.ll 
INFO: [HLS 200-100] Command       export_ssdm returned 0; 0 sec.
INFO: [HLS 200-100] Execute       source /home/yagiyugo/vivado/lenet5_ap2/solution1/.autopilot/db/global.setting.tcl 
INFO: [HLS 200-100] Command       ap_source returned 0; 0 sec.
INFO: [HLS 200-100] Execute       source /opt/Xilinx/Vivado_HLS/2017.2/common/technology/generic/autopilot/common.gen 
INFO: [HLS 200-100] Execute         source /opt/Xilinx/Vivado_HLS/2017.2/common/technology/generic/autopilot/APCoreGen.gen 
INFO: [HLS 200-100] Command         ap_source returned 0; 0.01 sec.
INFO: [HLS 200-100] Command       ap_source returned 0; 0.01 sec.
INFO: [HLS 200-100] Execute       source /opt/Xilinx/Vivado_HLS/2017.2/common/technology/generic/autopilot/op.gen 
INFO: [HLS 200-100] Command       ap_source returned 0; 0 sec.
INFO: [HLS 200-100] Execute       source /opt/Xilinx/Vivado_HLS/2017.2/common/technology/generic/autopilot/op_simcore.gen 
INFO: [HLS 200-100] Command       ap_source returned 0; 0 sec.
INFO: [HLS 200-100] Execute       source /opt/Xilinx/Vivado_HLS/2017.2/common/technology/generic/autopilot/interface.gen 
INFO: [HLS 200-100] Command       ap_source returned 0; 0 sec.
INFO: [HLS 200-100] Execute       source /home/yagiyugo/vivado/lenet5_ap2/solution1/.autopilot/db/global.setting.tcl 
INFO: [HLS 200-100] Command       ap_source returned 0; 0 sec.
INFO: [HLS 200-100] Execute       source /opt/Xilinx/Vivado_HLS/2017.2/common/technology/xilinx/zynq/zynq.gen 
INFO: [HLS 200-100] Execute         source /opt/Xilinx/Vivado_HLS/2017.2/common/technology/xilinx/common/virtex.gen 
INFO: [HLS 200-100] Execute           source /opt/Xilinx/Vivado_HLS/2017.2/common/technology/xilinx/common/xilinx.gen 
INFO: [HLS 200-100] Execute             source /opt/Xilinx/Vivado_HLS/2017.2/common/technology/xilinx/interface/plb46.gen 
INFO: [HLS 200-100] Command             ap_source returned 0; 0 sec.
INFO: [HLS 200-100] Execute             source /opt/Xilinx/Vivado_HLS/2017.2/common/technology/xilinx/interface/fsl.gen 
INFO: [HLS 200-100] Command             ap_source returned 0; 0 sec.
INFO: [HLS 200-100] Execute             source /opt/Xilinx/Vivado_HLS/2017.2/common/technology/xilinx/interface/axi4.gen 
INFO: [HLS 200-100] Command             ap_source returned 0; 0 sec.
INFO: [HLS 200-100] Execute             source /opt/Xilinx/Vivado_HLS/2017.2/common/technology/xilinx/interface/nativeAXI4.gen 
INFO: [HLS 200-100] Execute               source /opt/Xilinx/Vivado_HLS/2017.2/common/technology/xilinx/interface/saxilite.gen 
INFO: [HLS 200-100] Command               ap_source returned 0; 0 sec.
INFO: [HLS 200-100] Execute               source /opt/Xilinx/Vivado_HLS/2017.2/common/technology/xilinx/interface/maxi.gen 
INFO: [HLS 200-100] Command               ap_source returned 0; 0 sec.
INFO: [HLS 200-100] Command             ap_source returned 0; 0 sec.
INFO: [HLS 200-100] Execute             source /opt/Xilinx/Vivado_HLS/2017.2/common/technology/xilinx/scripts/xilinxcoregen.gen 
INFO: [HLS 200-100] Command             ap_source returned 0; 0.01 sec.
INFO: [HLS 200-100] Execute             source /opt/Xilinx/Vivado_HLS/2017.2/common/technology/xilinx/interface/XilEDKCoreGen.gen 
INFO: [HLS 200-100] Command             ap_source returned 0; 0 sec.
INFO: [HLS 200-100] Execute             source /opt/Xilinx/Vivado_HLS/2017.2/common/technology/xilinx/ip/xfft.gen 
INFO: [HLS 200-100] Command             ap_source returned 0; 0.05 sec.
INFO: [HLS 200-100] Execute             source /opt/Xilinx/Vivado_HLS/2017.2/common/technology/xilinx/ip/util.gen 
INFO: [HLS 200-100] Command             ap_source returned 0; 0 sec.
INFO: [HLS 200-100] Execute             source /opt/Xilinx/Vivado_HLS/2017.2/common/technology/xilinx/ip/xfir.gen 
INFO: [HLS 200-100] Command             ap_source returned 0; 0 sec.
INFO: [HLS 200-100] Execute             source /opt/Xilinx/Vivado_HLS/2017.2/common/technology/xilinx/ip/dds_compiler.gen 
INFO: [HLS 200-100] Command             ap_source returned 0; 0 sec.
INFO: [HLS 200-100] Command           ap_source returned 0; 0.06 sec.
INFO: [HLS 200-100] Execute           source /opt/Xilinx/Vivado_HLS/2017.2/common/technology/xilinx/common/dsp48.gen 
INFO: [HLS 200-100] Command           ap_source returned 0; 0 sec.
INFO: [HLS 200-100] Command         ap_source returned 0; 0.07 sec.
INFO: [HLS 200-100] Command       ap_source returned 0; 0.07 sec.
INFO: [HLS 200-100] Execute       source /opt/Xilinx/Vivado_HLS/2017.2/common/technology/xilinx/zynq/zynq_fpv6.gen 
INFO: [HLS 200-100] Execute         source /opt/Xilinx/Vivado_HLS/2017.2/common/technology/xilinx/common/xilinx_fpv6.gen 
INFO: [HLS 200-100] Command         ap_source returned 0; 0 sec.
INFO: [HLS 200-100] Command       ap_source returned 0; 0 sec.
INFO: [HLS 200-100] Execute       source /home/yagiyugo/vivado/lenet5_ap2/solution1/.autopilot/db/global.setting.tcl 
INFO: [HLS 200-100] Command       ap_source returned 0; 0 sec.
INFO: [HLS 200-100] Execute       source /home/yagiyugo/vivado/lenet5_ap2/solution1/.autopilot/db/global.setting.tcl 
INFO: [HLS 200-100] Command       ap_source returned 0; 0 sec.
INFO: [HLS 200-100] Execute       source /home/yagiyugo/vivado/lenet5_ap2/solution1/.autopilot/db/global.setting.tcl 
INFO: [HLS 200-100] Command       ap_source returned 0; 0 sec.
INFO: [HLS 200-100] Execute       source /home/yagiyugo/vivado/lenet5_ap2/solution1/.autopilot/db/global.setting.tcl 
INFO: [HLS 200-100] Command       ap_source returned 0; 0 sec.
INFO: [HLS 200-100] Execute       source /home/yagiyugo/vivado/lenet5_ap2/solution1/.autopilot/db/lenet5_ap2.compgen.tcl 
INFO: [HLS 200-100] Command       ap_source returned 0; 0.05 sec.
INFO: [HLS 200-111] Finished generating all RTL models Time (s): cpu = 00:01:45 ; elapsed = 00:01:21 . Memory (MB): peak = 1519.930 ; gain = 1176.465 ; free physical = 9661 ; free virtual = 55417
INFO: [SYSC 207-301] Generating SystemC RTL for lenet5_ap2.
INFO: [VHDL 208-304] Generating VHDL RTL for lenet5_ap2.
INFO: [VLOG 209-307] Generating Verilog RTL for lenet5_ap2.
INFO: [HLS 200-100] Command     autosyn returned 0; 2.53 sec.
INFO: [HLS 200-100] Command   csynth_design returned 0; 81.14 sec.
INFO: [HLS 200-100] Command ap_source returned 0; 81.31 sec.
INFO: [HLS 200-100] Execute cleanup_all 
INFO: [HLS 200-100] Command cleanup_all returned 0; 0.02 sec.
