

================================================================
== Vivado HLS Report for 'lenet5_ap2'
================================================================
* Date:           Thu Nov 22 17:32:25 2018

* Version:        2017.2 (Build 1909853 on Thu Jun 15 18:55:24 MDT 2017)
* Project:        lenet5_ap2_shift_bin
* Solution:       solution1
* Product family: zynq
* Target device:  xc7z020clg484-1


================================================================
== Performance Estimates
================================================================
+ Timing (ns): 
    * Summary: 
    +--------+-------+----------+------------+
    |  Clock | Target| Estimated| Uncertainty|
    +--------+-------+----------+------------+
    |ap_clk  |  10.00|      8.71|        1.25|
    +--------+-------+----------+------------+

+ Latency (clock cycles): 
    * Summary: 
    +---------+---------+---------+---------+---------+
    |      Latency      |      Interval     | Pipeline|
    |   min   |   max   |   min   |   max   |   Type  |
    +---------+---------+---------+---------+---------+
    |  2709062|  2709062|  2709063|  2709063|   none  |
    +---------+---------+---------+---------+---------+

    + Detail: 
        * Instance: 
        N/A

        * Loop: 
        +-----------------------------+---------+---------+----------+-----------+-----------+------+----------+
        |                             |      Latency      | Iteration|  Initiation Interval  | Trip |          |
        |          Loop Name          |   min   |   max   |  Latency |  achieved |   target  | Count| Pipelined|
        +-----------------------------+---------+---------+----------+-----------+-----------+------+----------+
        |- Loop 1                     |   889410|   889410|    148235|          -|          -|     6|    no    |
        | + Loop 1.1                  |   148232|   148232|      5294|          -|          -|    28|    no    |
        |  ++ Loop 1.1.1              |     5292|     5292|       189|          -|          -|    28|    no    |
        |   +++ Loop 1.1.1.1          |      185|      185|        37|          -|          -|     5|    no    |
        |    ++++ Loop 1.1.1.1.1      |       35|       35|         7|          -|          -|     5|    no    |
        |- Loop 2                     |    71916|    71916|     11986|          -|          -|     6|    no    |
        | + Loop 2.1                  |    11984|    11984|       856|          -|          -|    14|    no    |
        |  ++ Loop 2.1.1              |      854|      854|        61|          -|          -|    14|    no    |
        |   +++ Loop 2.1.1.1          |       48|       48|        24|          -|          -|     2|    no    |
        |    ++++ Loop 2.1.1.1.1      |       22|       22|        11|          -|          -|     2|    no    |
        |- Loop 3                     |  1542768|  1542768|     96423|          -|          -|    16|    no    |
        | + Loop 3.1                  |    96420|    96420|      9642|          -|          -|    10|    no    |
        |  ++ Loop 3.1.1              |     9640|     9640|       964|          -|          -|    10|    no    |
        |   +++ Loop 3.1.1.1          |      960|      960|       192|          -|          -|     5|    no    |
        |    ++++ Loop 3.1.1.1.1      |      190|      190|        38|          -|          -|     5|    no    |
        |     +++++ Loop 3.1.1.1.1.1  |       36|       36|         6|          -|          -|     6|    no    |
        |- Loop 4                     |    24592|    24592|      1537|          -|          -|    16|    no    |
        | + Loop 4.1                  |     1535|     1535|       307|          -|          -|     5|    no    |
        |  ++ Loop 4.1.1              |      305|      305|        61|          -|          -|     5|    no    |
        |   +++ Loop 4.1.1.1          |       48|       48|        24|          -|          -|     2|    no    |
        |    ++++ Loop 4.1.1.1.1      |       22|       22|        11|          -|          -|     2|    no    |
        |- Loop 5                     |      992|      992|        62|          -|          -|    16|    no    |
        | + Loop 5.1                  |       60|       60|        12|          -|          -|     5|    no    |
        |  ++ Loop 5.1.1              |       10|       10|         2|          -|          -|     5|    no    |
        |- Loop 6                     |   144480|   144480|      1204|          -|          -|   120|    no    |
        | + Loop 6.1                  |     1200|     1200|         3|          -|          -|   400|    no    |
        |- Loop 7                     |    30576|    30576|       364|          -|          -|    84|    no    |
        | + Loop 7.1                  |      360|      360|         3|          -|          -|   120|    no    |
        |- Loop 8                     |     4320|     4320|       432|          -|          -|    10|    no    |
        | + Loop 8.1                  |      420|      420|         5|          -|          -|    84|    no    |
        +-----------------------------+---------+---------+----------+-----------+-----------+------+----------+



================================================================
== Utilization Estimates
================================================================
* Summary: 
+-----------------+---------+-------+--------+-------+
|       Name      | BRAM_18K| DSP48E|   FF   |  LUT  |
+-----------------+---------+-------+--------+-------+
|DSP              |        -|      1|       -|      -|
|Expression       |        -|      -|   10486|   7775|
|FIFO             |        -|      -|       -|      -|
|Instance         |        -|      0|     542|   1114|
|Memory           |        -|      -|       -|      -|
|Multiplexer      |        -|      -|       -|   1285|
|Register         |        -|      -|    3788|      -|
+-----------------+---------+-------+--------+-------+
|Total            |        0|      1|   14816|  10174|
+-----------------+---------+-------+--------+-------+
|Available        |      280|    220|  106400|  53200|
+-----------------+---------+-------+--------+-------+
|Utilization (%)  |        0|   ~0  |      13|     19|
+-----------------+---------+-------+--------+-------+

+ Detail: 
    * Instance: 
    +-------------------------+----------------------+---------+-------+-----+-----+
    |         Instance        |        Module        | BRAM_18K| DSP48E|  FF | LUT |
    +-------------------------+----------------------+---------+-------+-----+-----+
    |lenet5_ap2_dcmp_6bkb_U1  |lenet5_ap2_dcmp_6bkb  |        0|      0|  130|  469|
    |lenet5_ap2_sitodpcud_U2  |lenet5_ap2_sitodpcud  |        0|      0|  412|  645|
    +-------------------------+----------------------+---------+-------+-----+-----+
    |Total                    |                      |        0|      0|  542| 1114|
    +-------------------------+----------------------+---------+-------+-----+-----+

    * DSP48: 
    +-------------------------+----------------------+--------------+
    |         Instance        |        Module        |  Expression  |
    +-------------------------+----------------------+--------------+
    |lenet5_ap2_mac_mudEe_U3  |lenet5_ap2_mac_mudEe  | i0 + i1 * i2 |
    +-------------------------+----------------------+--------------+

    * Memory: 
    N/A

    * FIFO: 
    N/A

    * Expression: 
    +-------------------------------+----------+-------+-----+-----+------------+------------+
    |         Variable Name         | Operation| DSP48E|  FF | LUT | Bitwidth P0| Bitwidth P1|
    +-------------------------------+----------+-------+-----+-----+------------+------------+
    |channel_1_fu_1137_p2           |     +    |      0|   14|    9|           3|           1|
    |channel_2_fu_1488_p2           |     +    |      0|   14|    9|           3|           1|
    |channel_3_fu_2246_p2           |     +    |      0|   20|   10|           5|           1|
    |col_1_fu_1204_p2               |     +    |      0|   20|   10|           5|           1|
    |col_2_fu_1552_p2               |     +    |      0|   17|    9|           4|           1|
    |col_3_fu_2327_p2               |     +    |      0|   17|    9|           4|           1|
    |col_4_fu_3624_p2               |     +    |      0|   26|   12|           7|           1|
    |col_5_fu_3819_p2               |     +    |      0|   26|   12|           7|           1|
    |col_6_fu_4018_p2               |     +    |      0|   17|    9|           4|           1|
    |exp_V_15_fu_1692_p2            |     +    |      0|   38|   16|          11|           6|
    |exp_V_16_fu_1932_p2            |     +    |      0|   38|   16|           6|          11|
    |exp_V_17_fu_2908_p2            |     +    |      0|   38|   16|          11|           6|
    |exp_V_18_fu_3148_p2            |     +    |      0|   38|   16|           6|          11|
    |exp_V_19_fu_4376_p2            |     +    |      0|   38|   16|           6|          11|
    |exp_V_20_fu_4274_p2            |     +    |      0|   38|   16|           6|          11|
    |fil_col_1_fu_1285_p2           |     +    |      0|   14|    9|           3|           1|
    |fil_col_2_fu_2408_p2           |     +    |      0|   14|    9|           3|           1|
    |fil_col_3_fu_1731_p2           |     +    |      0|   11|    8|           2|           1|
    |fil_row_1_fu_1311_p2           |     +    |      0|   14|    9|           3|           1|
    |fil_row_2_fu_2438_p2           |     +    |      0|   14|    9|           3|           1|
    |fil_row_3_fu_1893_p2           |     +    |      0|   11|    8|           2|           1|
    |grp_fu_1107_p2                 |     +    |      0|  101|   37|          32|          32|
    |i_1_fu_2704_p2                 |     +    |      0|   20|   10|           5|           1|
    |i_2_fu_3468_p2                 |     +    |      0|   20|   10|           5|           1|
    |j_1_fu_2768_p2                 |     +    |      0|   14|    9|           3|           1|
    |j_2_fu_3510_p2                 |     +    |      0|   14|    9|           3|           1|
    |k_1_fu_3583_p2                 |     +    |      0|   14|    9|           3|           1|
    |k_2_fu_2866_p2                 |     +    |      0|   14|    9|           3|           1|
    |l_1_fu_2947_p2                 |     +    |      0|   11|    8|           2|           1|
    |m_1_fu_3109_p2                 |     +    |      0|   11|    8|           2|           1|
    |next_mul1_fu_3675_p2           |     +    |      0|   59|   23|           9|          18|
    |next_mul2_fu_3870_p2           |     +    |      0|   53|   21|           9|          16|
    |next_mul3_fu_4060_p2           |     +    |      0|   53|   21|           9|          16|
    |next_mul_fu_3456_p2            |     +    |      0|   32|   14|           9|           5|
    |p_Val2_19_fu_4190_p2           |     +    |      0|  101|   37|          32|          32|
    |p_Val2_1_cast_fu_3982_p2       |     +    |      0|   98|   36|          31|          31|
    |p_Val2_1_fu_3976_p2            |     +    |      0|  101|   37|          32|          32|
    |p_Val2_2_cast_fu_1462_p2       |     +    |      0|   98|   36|          31|          31|
    |p_Val2_4_fu_4196_p2            |     +    |      0|  101|   37|          32|          32|
    |p_Val2_6_cast_fu_2678_p2       |     +    |      0|   98|   36|          31|          31|
    |p_Val2_cast_fu_3787_p2         |     +    |      0|   98|   36|          31|          31|
    |p_Val2_s_43_fu_3781_p2         |     +    |      0|  101|   37|          32|          32|
    |row_1_fu_1255_p2               |     +    |      0|   20|   10|           5|           1|
    |row_2_fu_2378_p2               |     +    |      0|   17|    9|           4|           1|
    |row_3_fu_1650_p2               |     +    |      0|   17|    9|           4|           1|
    |row_4_fu_3664_p2               |     +    |      0|   32|   14|           9|           1|
    |row_5_fu_3859_p2               |     +    |      0|   26|   12|           7|           1|
    |row_6_fu_4054_p2               |     +    |      0|   26|   12|           7|           1|
    |sample_fu_2464_p2              |     +    |      0|   14|    9|           3|           1|
    |sel_tmp17_fu_3743_p2           |     +    |      0|  101|   37|          32|          32|
    |sel_tmp2_fu_1428_p2            |     +    |      0|  101|   37|          32|          32|
    |sel_tmp32_fu_3938_p2           |     +    |      0|  101|   37|          32|          32|
    |sel_tmp38_fu_2644_p2           |     +    |      0|  101|   37|          32|          32|
    |tmp109_fu_3563_p2              |     +    |      0|   20|   10|           5|           5|
    |tmp110_fu_3589_p2              |     +    |      0|    0|   19|           9|           9|
    |tmp_108_fu_2825_p2             |     +    |      0|  197|   69|          64|          64|
    |tmp_112_fu_2388_p2             |     +    |      0|   56|   22|          17|          17|
    |tmp_114_fu_1785_p2             |     +    |      0|   50|   20|          15|          15|
    |tmp_124_fu_1746_p2             |     +    |      0|  197|   69|          64|          64|
    |tmp_13_fu_1214_p2              |     +    |      0|  197|   69|          64|          64|
    |tmp_144_fu_1321_p2             |     +    |      0|  197|   69|          64|          64|
    |tmp_147_fu_1342_p2             |     +    |      0|    0|   19|          14|          14|
    |tmp_148_fu_1348_p2             |     +    |      0|    0|   19|          14|          14|
    |tmp_155_fu_3643_p2             |     +    |      0|   29|   13|           8|           7|
    |tmp_156_fu_3528_p2             |     +    |      0|  197|   69|          64|          64|
    |tmp_160_fu_2884_p2             |     +    |      0|   56|   22|          17|          17|
    |tmp_163_fu_1908_p2             |     +    |      0|   56|   22|          17|          17|
    |tmp_166_fu_3838_p2             |     +    |      0|   32|   14|           9|           8|
    |tmp_170_fu_3681_p2             |     +    |      0|    0|   19|          18|          19|
    |tmp_171_fu_3687_p2             |     +    |      0|    0|   19|          19|          19|
    |tmp_175_fu_3604_p2             |     +    |      0|   50|   20|          15|          15|
    |tmp_176_fu_3001_p2             |     +    |      0|   50|   20|          15|          15|
    |tmp_178_fu_2962_p2             |     +    |      0|  197|   69|          64|          64|
    |tmp_186_fu_4033_p2             |     +    |      0|   32|   14|           9|           9|
    |tmp_18_fu_1295_p2              |     +    |      0|   20|   10|           5|           5|
    |tmp_190_fu_3876_p2             |     +    |      0|    0|   19|          19|          19|
    |tmp_191_fu_3882_p2             |     +    |      0|    0|   19|          19|          19|
    |tmp_195_fu_3124_p2             |     +    |      0|   56|   22|          17|          17|
    |tmp_198_fu_2474_p2             |     +    |      0|  197|   69|          64|          64|
    |tmp_200_fu_2523_p2             |     +    |      0|    0|   19|          64|          64|
    |tmp_201_fu_2528_p2             |     +    |      0|    0|   19|          64|          64|
    |tmp_204_fu_2573_p2             |     +    |      0|    0|   19|          14|          14|
    |tmp_205_fu_2578_p2             |     +    |      0|    0|   19|          14|          14|
    |tmp_207_fu_2505_p2             |     +    |      0|    0|   19|          64|          64|
    |tmp_211_fu_2561_p2             |     +    |      0|    0|   19|          15|          15|
    |tmp_217_fu_4066_p2             |     +    |      0|   56|   22|          17|          17|
    |tmp_27_fu_1353_p2              |     +    |      0|   20|   10|           5|           5|
    |tmp_31_fu_1570_p2              |     +    |      0|  197|   69|          64|          64|
    |tmp_38_fu_1609_p2              |     +    |      0|  197|   69|          64|          64|
    |tmp_39_fu_2418_p2              |     +    |      0|   17|    9|           4|           4|
    |tmp_46_fu_1737_p2              |     +    |      0|   20|   10|           5|           5|
    |tmp_48_fu_1842_p2              |     +    |      0|   41|   17|           6|          12|
    |tmp_54_fu_3595_p2              |     +    |      0|    0|   19|           9|           9|
    |tmp_56_fu_1265_p2              |     +    |      0|   56|   22|          17|          17|
    |tmp_59_fu_2448_p2              |     +    |      0|   17|    9|           4|           4|
    |tmp_62_fu_1899_p2              |     +    |      0|   20|   10|           5|           5|
    |tmp_63_fu_2337_p2              |     +    |      0|  197|   69|          64|          64|
    |tmp_78_fu_2953_p2              |     +    |      0|   17|    9|           4|           4|
    |tmp_81_fu_1668_p2              |     +    |      0|   56|   22|          17|          17|
    |tmp_89_fu_3058_p2              |     +    |      0|   41|   17|           6|          12|
    |tmp_94_fu_3115_p2              |     +    |      0|   17|    9|           4|           4|
    |tmp_95_fu_2786_p2              |     +    |      0|  197|   69|          64|          64|
    |F2_1_fu_3046_p2                |     -    |      0|   41|   17|          11|          12|
    |F2_fu_1830_p2                  |     -    |      0|   41|   17|          11|          12|
    |man_V_1_fu_2078_p2             |     -    |      0|  167|   59|           1|          54|
    |man_V_4_fu_3294_p2             |     -    |      0|  167|   59|           1|          54|
    |mt_fu_4178_p2                  |     -    |      0|  101|   37|           1|          32|
    |p_Val2_10_fu_1402_p2           |     -    |      0|  101|   37|          32|          32|
    |p_Val2_12_fu_1407_p2           |     -    |      0|  101|   37|          32|          32|
    |p_Val2_17_fu_3717_p2           |     -    |      0|  101|   37|          32|          32|
    |p_Val2_23_fu_3722_p2           |     -    |      0|  101|   37|          32|          32|
    |p_Val2_28_fu_3912_p2           |     -    |      0|  101|   37|          32|          32|
    |p_Val2_30_fu_3917_p2           |     -    |      0|  101|   37|          32|          32|
    |p_Val2_34_fu_2618_p2           |     -    |      0|  101|   37|          32|          32|
    |p_Val2_36_fu_2623_p2           |     -    |      0|  101|   37|          32|          32|
    |tmp_107_fu_2815_p2             |     -    |      0|   56|   22|          17|          17|
    |tmp_111_fu_2854_p2             |     -    |      0|   50|   20|          15|          15|
    |tmp_118_i_fu_4107_p2           |     -    |      0|   26|   12|           1|           7|
    |tmp_11_fu_1540_p2              |     -    |      0|  197|   69|          64|          64|
    |tmp_143_fu_1775_p2             |     -    |      0|   56|   22|          17|          17|
    |tmp_159_fu_3557_p2             |     -    |      0|   50|   20|          15|          15|
    |tmp_17_fu_1243_p2              |     -    |      0|   56|   22|          17|          17|
    |tmp_185_fu_2991_p2             |     -    |      0|   56|   22|          17|          17|
    |tmp_206_fu_2499_p2             |     -    |      0|    0|   19|          64|          64|
    |tmp_210_fu_2555_p2             |     -    |      0|    0|   19|          15|          15|
    |tmp_24_fu_2285_p2              |     -    |      0|  197|   69|          64|          64|
    |tmp_25_fu_2311_p2              |     -    |      0|  197|   69|          64|          64|
    |tmp_2_fu_1172_p2               |     -    |      0|  197|   69|          64|          64|
    |tmp_37_fu_1599_p2              |     -    |      0|   56|   22|          17|          17|
    |tmp_3_fu_1188_p2               |     -    |      0|  197|   69|          64|          64|
    |tmp_49_fu_1848_p2              |     -    |      0|   41|   17|           5|          12|
    |tmp_52_fu_1638_p2              |     -    |      0|   50|   20|          15|          15|
    |tmp_60_fu_2730_p2              |     -    |      0|  197|   69|          64|          64|
    |tmp_61_fu_2756_p2              |     -    |      0|  197|   69|          64|          64|
    |tmp_68_cast_fu_4138_p2         |     -    |      0|   23|   11|           1|           6|
    |tmp_76_fu_2366_p2              |     -    |      0|   56|   22|          17|          17|
    |tmp_90_fu_3064_p2              |     -    |      0|   41|   17|           5|          12|
    |tmp_93_fu_3494_p2              |     -    |      0|  197|   69|          64|          64|
    |tmp_s_fu_1514_p2               |     -    |      0|  197|   69|          64|          64|
    |sel_tmp11_fu_2180_p2           |    and   |      0|    0|    2|           1|           1|
    |sel_tmp12_fu_2185_p2           |    and   |      0|    0|    2|           1|           1|
    |sel_tmp14_fu_2131_p2           |    and   |      0|    0|    2|           1|           1|
    |sel_tmp16_fu_3732_p2           |    and   |      0|    0|    2|           1|           1|
    |sel_tmp18_fu_3749_p2           |    and   |      0|    0|    2|           1|           1|
    |sel_tmp1_fu_1417_p2            |    and   |      0|    0|    2|           1|           1|
    |sel_tmp20_fu_3761_p2           |    and   |      0|    0|    2|           1|           1|
    |sel_tmp22_fu_3386_p2           |    and   |      0|    0|    2|           1|           1|
    |sel_tmp24_fu_3331_p2           |    and   |      0|    0|    2|           1|           1|
    |sel_tmp26_fu_3396_p2           |    and   |      0|    0|    2|           1|           1|
    |sel_tmp27_fu_3401_p2           |    and   |      0|    0|    2|           1|           1|
    |sel_tmp29_fu_3347_p2           |    and   |      0|    0|    2|           1|           1|
    |sel_tmp31_fu_3927_p2           |    and   |      0|    0|    2|           1|           1|
    |sel_tmp33_fu_3944_p2           |    and   |      0|    0|    2|           1|           1|
    |sel_tmp35_fu_3956_p2           |    and   |      0|    0|    2|           1|           1|
    |sel_tmp37_fu_2633_p2           |    and   |      0|    0|    2|           1|           1|
    |sel_tmp39_fu_2650_p2           |    and   |      0|    0|    2|           1|           1|
    |sel_tmp3_fu_2115_p2            |    and   |      0|    0|    2|           1|           1|
    |sel_tmp41_fu_2662_p2           |    and   |      0|    0|    2|           1|           1|
    |sel_tmp43_fu_4448_p2           |    and   |      0|    0|    2|           1|           1|
    |sel_tmp46_fu_4220_p2           |    and   |      0|    0|    2|           1|           1|
    |sel_tmp4_fu_1434_p2            |    and   |      0|    0|    2|           1|           1|
    |sel_tmp6_fu_1446_p2            |    and   |      0|    0|    2|           1|           1|
    |sel_tmp8_fu_2170_p2            |    and   |      0|    0|    2|           1|           1|
    |tmp_105_fu_2036_p2             |    and   |      0|    0|    2|           1|           1|
    |tmp_119_fu_3246_p2             |    and   |      0|    0|    2|           1|           1|
    |tmp_121_fu_3252_p2             |    and   |      0|    0|    2|           1|           1|
    |tmp_129_fu_4406_p2             |    and   |      0|    0|    2|           1|           1|
    |tmp_131_fu_4412_p2             |    and   |      0|    0|    2|           1|           1|
    |tmp_98_fu_2030_p2              |    and   |      0|    0|    2|           1|           1|
    |p_Val2_11_fu_1396_p2           |   ashr   |      0|   99|  101|          32|          32|
    |p_Val2_22_fu_3711_p2           |   ashr   |      0|   99|  101|          32|          32|
    |p_Val2_29_fu_3906_p2           |   ashr   |      0|   99|  101|          32|          32|
    |p_Val2_35_fu_2612_p2           |   ashr   |      0|   99|  101|          32|          32|
    |tmp_101_fu_3360_p2             |   ashr   |      0|  143|  162|          54|          54|
    |tmp_68_fu_2144_p2              |   ashr   |      0|  143|  162|          54|          54|
    |tmp_70_fu_4158_p2              |   ashr   |      0|   99|  101|          32|          32|
    |exitcond10_fu_1279_p2          |   icmp   |      0|    0|    1|           3|           3|
    |exitcond11_fu_3462_p2          |   icmp   |      0|    0|    3|           5|           6|
    |exitcond12_fu_2762_p2          |   icmp   |      0|    0|    1|           3|           3|
    |exitcond13_fu_2372_p2          |   icmp   |      0|    0|    2|           4|           4|
    |exitcond14_fu_1305_p2          |   icmp   |      0|    0|    1|           3|           3|
    |exitcond15_fu_3618_p2          |   icmp   |      0|    0|    4|           7|           5|
    |exitcond16_fu_3504_p2          |   icmp   |      0|    0|    1|           3|           3|
    |exitcond17_fu_2860_p2          |   icmp   |      0|    0|    1|           3|           3|
    |exitcond18_fu_2402_p2          |   icmp   |      0|    0|    1|           3|           3|
    |exitcond19_fu_1725_p2          |   icmp   |      0|    0|    1|           2|           3|
    |exitcond1_fu_1131_p2           |   icmp   |      0|    0|    1|           3|           3|
    |exitcond20_fu_3813_p2          |   icmp   |      0|    0|    4|           7|           7|
    |exitcond21_fu_4012_p2          |   icmp   |      0|    0|    2|           4|           4|
    |exitcond22_fu_3658_p2          |   icmp   |      0|    0|    5|           9|           8|
    |exitcond23_fu_3577_p2          |   icmp   |      0|    0|    1|           3|           3|
    |exitcond24_fu_2432_p2          |   icmp   |      0|    0|    1|           3|           3|
    |exitcond25_fu_1887_p2          |   icmp   |      0|    0|    1|           2|           3|
    |exitcond26_fu_3853_p2          |   icmp   |      0|    0|    4|           7|           5|
    |exitcond27_fu_2941_p2          |   icmp   |      0|    0|    1|           2|           3|
    |exitcond28_fu_3103_p2          |   icmp   |      0|    0|    1|           2|           3|
    |exitcond29_fu_2458_p2          |   icmp   |      0|    0|    1|           3|           3|
    |exitcond2_fu_1482_p2           |   icmp   |      0|    0|    1|           3|           3|
    |exitcond3_fu_1198_p2           |   icmp   |      0|    0|    2|           5|           4|
    |exitcond4_fu_2240_p2           |   icmp   |      0|    0|    3|           5|           6|
    |exitcond5_fu_1546_p2           |   icmp   |      0|    0|    2|           4|           3|
    |exitcond6_fu_1249_p2           |   icmp   |      0|    0|    2|           5|           4|
    |exitcond7_fu_2698_p2           |   icmp   |      0|    0|    3|           5|           6|
    |exitcond8_fu_2321_p2           |   icmp   |      0|    0|    2|           4|           4|
    |exitcond9_fu_1644_p2           |   icmp   |      0|    0|    2|           4|           3|
    |exitcond_fu_4048_p2            |   icmp   |      0|    0|    4|           7|           7|
    |grp_fu_1066_p2                 |   icmp   |      0|    0|   16|          32|           1|
    |grp_fu_1121_p2                 |   icmp   |      0|    0|   16|          32|           1|
    |icmp1_fu_3316_p2               |   icmp   |      0|    0|    4|           7|           1|
    |icmp_fu_2100_p2                |   icmp   |      0|    0|    4|           7|           1|
    |notlhs1_fu_2012_p2             |   icmp   |      0|    0|    6|          11|           2|
    |notlhs2_fu_3194_p2             |   icmp   |      0|    0|    6|          11|           2|
    |notlhs3_fu_3228_p2             |   icmp   |      0|    0|    6|          11|           2|
    |notlhs4_fu_4338_p2             |   icmp   |      0|    0|    6|          11|           2|
    |notlhs5_fu_4350_p2             |   icmp   |      0|    0|    6|          11|           2|
    |notlhs_fu_1978_p2              |   icmp   |      0|    0|    6|          11|           2|
    |notrhs1_fu_2018_p2             |   icmp   |      0|    0|   29|          52|           1|
    |notrhs2_fu_3200_p2             |   icmp   |      0|    0|   29|          52|           1|
    |notrhs3_fu_3234_p2             |   icmp   |      0|    0|   29|          52|           1|
    |notrhs4_fu_4344_p2             |   icmp   |      0|    0|   29|          52|           1|
    |notrhs5_fu_4356_p2             |   icmp   |      0|    0|   29|          52|           1|
    |notrhs_fu_1984_p2              |   icmp   |      0|    0|   29|          52|           1|
    |sel_tmp45_fu_4214_p2           |   icmp   |      0|    0|   16|          32|           1|
    |tmp_137_fu_4254_p2             |   icmp   |      0|    0|   16|          32|           1|
    |tmp_44_fu_1824_p2              |   icmp   |      0|    0|   32|          63|           1|
    |tmp_45_fu_1836_p2              |   icmp   |      0|    0|    6|          12|           5|
    |tmp_50_fu_1862_p2              |   icmp   |      0|    0|    6|          12|           5|
    |tmp_53_fu_2095_p2              |   icmp   |      0|    0|    6|          12|           6|
    |tmp_66_fu_4208_p2              |   icmp   |      0|    0|    2|           4|           1|
    |tmp_77_fu_3040_p2              |   icmp   |      0|    0|   32|          63|           1|
    |tmp_86_fu_4203_p2              |   icmp   |      0|    0|   16|          32|           1|
    |tmp_88_fu_3052_p2              |   icmp   |      0|    0|    6|          12|           5|
    |tmp_91_fu_3078_p2              |   icmp   |      0|    0|    6|          12|           5|
    |tmp_97_fu_3311_p2              |   icmp   |      0|    0|    6|          12|           6|
    |brmerge1_fu_2047_p2            |    or    |      0|    0|    2|           1|           1|
    |brmerge2_fu_3263_p2            |    or    |      0|    0|    2|           1|           1|
    |brmerge_fu_4423_p2             |    or    |      0|    0|    2|           1|           1|
    |or_cond1_fu_2208_p2            |    or    |      0|    0|    2|           1|           1|
    |or_cond2_fu_2222_p2            |    or    |      0|    0|    2|           1|           1|
    |or_cond3_fu_3412_p2            |    or    |      0|    0|    2|           1|           1|
    |or_cond4_fu_3424_p2            |    or    |      0|    0|    2|           1|           1|
    |or_cond5_fu_3438_p2            |    or    |      0|    0|    2|           1|           1|
    |or_cond_fu_2196_p2             |    or    |      0|    0|    2|           1|           1|
    |sel_tmp19_demorgan_fu_2105_p2  |    or    |      0|    0|    2|           1|           1|
    |sel_tmp34_demorgan_fu_2120_p2  |    or    |      0|    0|    2|           1|           1|
    |sel_tmp58_demorgan_fu_3321_p2  |    or    |      0|    0|    2|           1|           1|
    |sel_tmp73_demorgan_fu_3336_p2  |    or    |      0|    0|    2|           1|           1|
    |tmp_117_fu_3224_p2             |    or    |      0|    0|    2|           1|           1|
    |tmp_118_fu_3240_p2             |    or    |      0|    0|    2|           1|           1|
    |tmp_127_fu_4398_p2             |    or    |      0|    0|    2|           1|           1|
    |tmp_128_fu_4402_p2             |    or    |      0|    0|    2|           1|           1|
    |tmp_134_fu_4230_p2             |    or    |      0|    0|    4|           4|           4|
    |tmp_138_fu_4482_p2             |    or    |      0|    0|    2|           1|           1|
    |tmp_87_fu_2008_p2              |    or    |      0|    0|    2|           1|           1|
    |tmp_92_fu_2024_p2              |    or    |      0|    0|    2|           1|           1|
    |d_assign_3_mux_fu_4428_p3      |  select  |      0|    0|   64|           1|           1|
    |i_op_assign_fu_4113_p3         |  select  |      0|    0|    7|           1|           7|
    |man_V_2_fu_2084_p3             |  select  |      0|    0|   54|           1|          54|
    |man_V_5_fu_3300_p3             |  select  |      0|    0|   54|           1|          54|
    |max_index_2_fu_4486_p3         |  select  |      0|    0|   32|           1|           1|
    |max_index_mux_fu_4436_p3       |  select  |      0|    0|   32|           1|          32|
    |max_value_4_fu_4468_p3         |  select  |      0|    0|   64|           1|           1|
    |max_value_5_fu_2060_p3         |  select  |      0|    0|   64|           1|          64|
    |max_value_s_fu_3276_p3         |  select  |      0|    0|   64|           1|          64|
    |newSel1_fu_2201_p3             |  select  |      0|    0|   32|           1|          32|
    |newSel2_fu_2214_p3             |  select  |      0|    0|   32|           1|          32|
    |newSel3_fu_2228_p3             |  select  |      0|    0|   32|           1|          32|
    |newSel4_fu_3405_p3             |  select  |      0|    0|   32|           1|          32|
    |newSel5_fu_3417_p3             |  select  |      0|    0|   32|           1|          32|
    |newSel6_fu_3430_p3             |  select  |      0|    0|   32|           1|          32|
    |newSel7_fu_3444_p3             |  select  |      0|    0|   32|           1|          32|
    |newSel_fu_2189_p3              |  select  |      0|    0|   32|           1|          32|
    |op1_assign_1_mux_fu_3268_p3    |  select  |      0|    0|   64|           1|           1|
    |op1_assign_mux_fu_2052_p3      |  select  |      0|    0|   64|           1|           1|
    |p_0_i1_fu_1954_p3              |  select  |      0|    0|   64|           1|           1|
    |p_0_i2_fu_3170_p3              |  select  |      0|    0|   64|           1|           1|
    |p_0_i_fu_4296_p3               |  select  |      0|    0|   64|           1|           1|
    |p_Val2_1_48_fu_3996_p3         |  select  |      0|    0|   31|           1|           1|
    |p_Val2_2_18_fu_1467_p3         |  select  |      0|    0|   31|           1|           1|
    |p_Val2_5_fu_4183_p3            |  select  |      0|    0|   32|           1|          32|
    |p_Val2_6_31_fu_2683_p3         |  select  |      0|    0|   31|           1|           1|
    |p_Val2_s_44_fu_3801_p3         |  select  |      0|    0|   31|           1|           1|
    |sel_tmp19_fu_3753_p3           |  select  |      0|    0|   32|           1|          32|
    |sel_tmp2_v_fu_1422_p3          |  select  |      0|    0|   32|           1|          32|
    |sel_tmp34_fu_3948_p3           |  select  |      0|    0|   32|           1|          32|
    |sel_tmp40_fu_2654_p3           |  select  |      0|    0|   32|           1|          32|
    |sel_tmp40_v_fu_2638_p3         |  select  |      0|    0|   32|           1|          32|
    |sel_tmp44_fu_4454_p3           |  select  |      0|    0|   64|           1|          64|
    |sel_tmp47_fu_4461_p3           |  select  |      0|    0|   64|           1|          64|
    |sel_tmp48_fu_4475_p3           |  select  |      0|    0|   32|           1|          32|
    |sel_tmp5_fu_1438_p3            |  select  |      0|    0|   32|           1|          32|
    |sel_tmp79_v_fu_3737_p3         |  select  |      0|    0|   32|           1|          32|
    |sel_tmp88_v_fu_3932_p3         |  select  |      0|    0|   32|           1|          32|
    |sh_amt_1_fu_3070_p3            |  select  |      0|    0|   12|           1|          12|
    |sh_amt_fu_1854_p3              |  select  |      0|    0|   12|           1|          12|
    |sh_assign_1_fu_4143_p3         |  select  |      0|    0|    6|           1|           6|
    |storemerge1_fu_1450_p3         |  select  |      0|    0|   32|           1|          32|
    |storemerge3_fu_3765_p3         |  select  |      0|    0|   32|           1|          32|
    |storemerge4_fu_3960_p3         |  select  |      0|    0|   32|           1|          32|
    |storemerge5_fu_2666_p3         |  select  |      0|    0|   32|           1|          32|
    |storemerge6_fu_4164_p3         |  select  |      0|    0|   32|           1|          32|
    |storemerge7_fu_3369_p3         |  select  |      0|    0|    2|           1|           2|
    |storemerge_fu_2153_p3          |  select  |      0|    0|    2|           1|           2|
    |v_assign_1_ph_fu_2930_p3       |  select  |      0|    0|   64|           1|           1|
    |v_assign_ph_fu_1714_p3         |  select  |      0|    0|   64|           1|           1|
    |p_Val2_16_fu_3705_p2           |    shl   |      0|   99|  101|          32|          32|
    |p_Val2_27_fu_3900_p2           |    shl   |      0|   99|  101|          32|          32|
    |p_Val2_31_fu_2606_p2           |    shl   |      0|   99|  101|          32|          32|
    |p_Val2_9_fu_1390_p2            |    shl   |      0|   99|  101|          32|          32|
    |tmp_103_fu_3376_p2             |    shl   |      0|   99|  101|          32|          32|
    |tmp_69_fu_4152_p2              |    shl   |      0|   99|  101|          32|          32|
    |tmp_74_fu_2160_p2              |    shl   |      0|   99|  101|          32|          32|
    |grp_fu_1088_p2                 |    xor   |      0|    0|    2|           1|           2|
    |rev3_fu_2596_p2                |    xor   |      0|    0|    2|           1|           2|
    |rev_fu_1382_p2                 |    xor   |      0|    0|    2|           1|           2|
    |sel_tmp10_fu_2175_p2           |    xor   |      0|    0|    2|           1|           2|
    |sel_tmp13_fu_2125_p2           |    xor   |      0|    0|    2|           1|           2|
    |sel_tmp15_fu_3727_p2           |    xor   |      0|    0|    2|           1|           2|
    |sel_tmp21_fu_3381_p2           |    xor   |      0|    0|    2|           1|           2|
    |sel_tmp23_fu_3325_p2           |    xor   |      0|    0|    2|           1|           2|
    |sel_tmp25_fu_3391_p2           |    xor   |      0|    0|    2|           1|           2|
    |sel_tmp28_fu_3341_p2           |    xor   |      0|    0|    2|           1|           2|
    |sel_tmp30_fu_3922_p2           |    xor   |      0|    0|    2|           1|           2|
    |sel_tmp36_fu_2628_p2           |    xor   |      0|    0|    2|           1|           2|
    |sel_tmp42_fu_4443_p2           |    xor   |      0|    0|    2|           1|           2|
    |sel_tmp7_fu_2165_p2            |    xor   |      0|    0|    2|           1|           2|
    |sel_tmp9_fu_2109_p2            |    xor   |      0|    0|    2|           1|           2|
    |sel_tmp_fu_1412_p2             |    xor   |      0|    0|    2|           1|           2|
    |tmp_106_fu_2041_p2             |    xor   |      0|    0|    2|           1|           2|
    |tmp_122_fu_3257_p2             |    xor   |      0|    0|    2|           1|           2|
    |tmp_132_fu_4417_p2             |    xor   |      0|    0|    2|           1|           2|
    +-------------------------------+----------+-------+-----+-----+------------+------------+
    |Total                          |          |      0|10486| 7775|        4507|        5078|
    +-------------------------------+----------+-------+-----+-----+------------+------------+

    * Multiplexer: 
    +----------------------+-----+-----------+-----+-----------+
    |         Name         | LUT | Input Size| Bits| Total Bits|
    +----------------------+-----+-----------+-----+-----------+
    |ap_NS_fsm             |  575|        114|    1|        114|
    |channel1_reg_608      |    9|          2|    3|          6|
    |channel6_reg_686      |    9|          2|    5|         10|
    |channel_reg_550       |    9|          2|    3|          6|
    |col2_reg_619          |    9|          2|    4|          8|
    |col4_reg_878          |    9|          2|    7|         14|
    |col5_reg_924          |    9|          2|    7|         14|
    |col7_reg_698          |    9|          2|    4|          8|
    |col_reg_562           |    9|          2|    5|         10|
    |conv_bias_V_address0  |   15|          3|    6|         18|
    |conv_dot_V_address0   |   50|          9|   16|        144|
    |conv_dot_V_d0         |   33|          6|   32|        192|
    |conv_weight_address0  |   15|          3|   13|         39|
    |d_assign_1_reg_970    |    9|          2|   64|        128|
    |fc_bias_V_address0    |   21|          4|    9|         36|
    |fc_dot_V_address0     |   27|          5|    2|         10|
    |fc_dot_V_address1     |   21|          4|    2|          8|
    |fc_in_V_address0      |   15|          3|    9|         27|
    |fc_weight_address0    |   21|          4|   20|         80|
    |fil_col4_reg_652      |    9|          2|    2|          4|
    |fil_col9_reg_722      |    9|          2|    3|          6|
    |fil_col_reg_586       |    9|          2|    3|          6|
    |fil_row2_reg_733      |    9|          2|    3|          6|
    |fil_row5_reg_675      |    9|          2|    2|          4|
    |fil_row_reg_597       |    9|          2|    3|          6|
    |grp_fu_1040_p0        |   21|          4|   64|        256|
    |grp_fu_1040_p1        |   21|          4|   64|        256|
    |grp_fu_1047_p0        |   21|          4|   32|        128|
    |i1_reg_833            |    9|          2|    5|         10|
    |i_reg_755             |    9|          2|    5|         10|
    |j1_reg_856            |    9|          2|    3|          6|
    |j_reg_766             |    9|          2|    3|          6|
    |k1_reg_867            |    9|          2|    3|          6|
    |k_reg_777             |    9|          2|    3|          6|
    |l_reg_799             |    9|          2|    2|          4|
    |m_reg_822             |    9|          2|    2|          4|
    |max_index_1_reg_992   |    9|          2|    4|          8|
    |max_value_6_fu_270    |    9|          2|   64|        128|
    |op1_assign_1_reg_810  |    9|          2|   64|        128|
    |op1_assign_reg_663    |    9|          2|   64|        128|
    |p_Val2_18_reg_889     |    9|          2|   32|         64|
    |p_Val2_25_reg_935     |    9|          2|   32|         64|
    |p_Val2_37_reg_1004    |    9|          2|   32|         64|
    |phi_mul1_reg_913      |    9|          2|   18|         36|
    |phi_mul2_reg_959      |    9|          2|   16|         32|
    |phi_mul3_reg_1029     |    9|          2|   16|         32|
    |phi_mul_reg_844       |    9|          2|    9|         18|
    |pool_dot_V_address0   |   27|          5|   14|         70|
    |pool_dot_V_d0         |   15|          3|   32|         96|
    |row2_reg_902          |    9|          2|    9|         18|
    |row3_reg_630          |    9|          2|    4|          8|
    |row4_reg_948          |    9|          2|    7|         14|
    |row5_reg_1017         |    9|          2|    7|         14|
    |row8_reg_710          |    9|          2|    4|          8|
    |row_reg_574           |    9|          2|    5|         10|
    |sample1_reg_744       |    9|          2|    3|          6|
    |v_assign_1_reg_789    |    9|          2|   64|        128|
    |v_assign_reg_642      |    9|          2|   64|        128|
    +----------------------+-----+-----------+-----+-----------+
    |Total                 | 1285|        261|  978|       2798|
    +----------------------+-----+-----------+-----+-----------+

    * Register: 
    +----------------------------+-----+----+-----+-----------+
    |            Name            |  FF | LUT| Bits| Const Bits|
    +----------------------------+-----+----+-----+-----------+
    |ap_CS_fsm                   |  113|   0|  113|          0|
    |channel1_reg_608            |    3|   0|    3|          0|
    |channel6_reg_686            |    5|   0|    5|          0|
    |channel_1_reg_4509          |    3|   0|    3|          0|
    |channel_2_reg_4666          |    3|   0|    3|          0|
    |channel_3_reg_4878          |    5|   0|    5|          0|
    |channel_reg_550             |    3|   0|    3|          0|
    |col2_reg_619                |    4|   0|    4|          0|
    |col4_reg_878                |    7|   0|    7|          0|
    |col5_reg_924                |    7|   0|    7|          0|
    |col7_reg_698                |    4|   0|    4|          0|
    |col_1_reg_4543              |    5|   0|    5|          0|
    |col_2_reg_4685              |    4|   0|    4|          0|
    |col_3_reg_4913              |    4|   0|    4|          0|
    |col_4_reg_5335              |    7|   0|    7|          0|
    |col_5_reg_5421              |    7|   0|    7|          0|
    |col_6_reg_5514              |    4|   0|    4|          0|
    |col_reg_562                 |    5|   0|    5|          0|
    |conv_dot_V_addr_2_reg_4931  |   16|   0|   16|          0|
    |conv_dot_V_addr_reg_4561    |   16|   0|   16|          0|
    |d_assign_1_reg_970          |   64|   0|   64|          0|
    |dp_11_reg_5619              |   64|   0|   64|          0|
    |dp_4_reg_4810               |   64|   0|   64|          0|
    |dp_7_reg_5213               |   64|   0|   64|          0|
    |fc_bias_V_addr_1_reg_5431   |    9|   0|    9|          0|
    |fc_bias_V_addr_2_reg_5519   |    9|   0|    9|          0|
    |fc_bias_V_addr_reg_5345     |    8|   0|    9|          1|
    |fc_dot_V_load_1_reg_5602    |   32|   0|   32|          0|
    |fil_col4_reg_652            |    2|   0|    2|          0|
    |fil_col9_reg_722            |    3|   0|    3|          0|
    |fil_col_1_reg_4569          |    3|   0|    3|          0|
    |fil_col_2_reg_4939          |    3|   0|    3|          0|
    |fil_col_3_reg_4736          |    2|   0|    2|          0|
    |fil_col_reg_586             |    3|   0|    3|          0|
    |fil_row2_reg_733            |    3|   0|    3|          0|
    |fil_row5_reg_675            |    2|   0|    2|          0|
    |fil_row_1_reg_4587          |    3|   0|    3|          0|
    |fil_row_2_reg_4957          |    3|   0|    3|          0|
    |fil_row_3_reg_4794          |    2|   0|    2|          0|
    |fil_row_reg_597             |    3|   0|    3|          0|
    |i1_reg_833                  |    5|   0|    5|          0|
    |i_1_reg_5069                |    5|   0|    5|          0|
    |i_2_reg_5286                |    5|   0|    5|          0|
    |i_reg_755                   |    5|   0|    5|          0|
    |isNeg_reg_5558              |    1|   0|    1|          0|
    |isneg_1_reg_5154            |    1|   0|    1|          0|
    |isneg_reg_4751              |    1|   0|    1|          0|
    |j1_reg_856                  |    3|   0|    3|          0|
    |j_1_reg_5088                |    3|   0|    3|          0|
    |j_2_reg_5299                |    3|   0|    3|          0|
    |j_reg_766                   |    3|   0|    3|          0|
    |k1_reg_867                  |    3|   0|    3|          0|
    |k_1_reg_5317                |    3|   0|    3|          0|
    |k_2_reg_5111                |    3|   0|    3|          0|
    |k_reg_777                   |    3|   0|    3|          0|
    |l_1_reg_5139                |    2|   0|    2|          0|
    |l_reg_799                   |    2|   0|    2|          0|
    |m_1_reg_5197                |    2|   0|    2|          0|
    |m_reg_822                   |    2|   0|    2|          0|
    |man_V_2_reg_4841            |   54|   0|   54|          0|
    |man_V_5_reg_5244            |   54|   0|   54|          0|
    |max_index_1_cast_reg_5505   |    4|   0|   32|         28|
    |max_index_1_reg_992         |    4|   0|    4|          0|
    |max_index_reg_980           |   32|   0|   32|          0|
    |max_value_6_fu_270          |   64|   0|   64|          0|
    |max_value_6_load_reg_5061   |   64|   0|   64|          0|
    |max_value_fu_266            |   64|   0|   64|          0|
    |max_value_load_reg_4658     |   64|   0|   64|          0|
    |newSel3_reg_4870            |   32|   0|   32|          0|
    |newSel7_reg_5273            |   32|   0|   32|          0|
    |next_mul1_reg_5363          |   18|   0|   18|          0|
    |next_mul2_reg_5450          |   16|   0|   16|          0|
    |next_mul3_reg_5537          |   16|   0|   16|          0|
    |next_mul_reg_5278           |    9|   0|    9|          0|
    |notlhs2_reg_5224            |    1|   0|    1|          0|
    |notlhs4_reg_5630            |    1|   0|    1|          0|
    |notlhs5_reg_5640            |    1|   0|    1|          0|
    |notlhs_reg_4821             |    1|   0|    1|          0|
    |notrhs2_reg_5229            |    1|   0|    1|          0|
    |notrhs4_reg_5635            |    1|   0|    1|          0|
    |notrhs5_reg_5645            |    1|   0|    1|          0|
    |notrhs_reg_4826             |    1|   0|    1|          0|
    |op1_assign_1_reg_810        |   64|   0|   64|          0|
    |op1_assign_reg_663          |   64|   0|   64|          0|
    |p_0_i1_reg_4815             |   64|   0|   64|          0|
    |p_0_i2_reg_5218             |   64|   0|   64|          0|
    |p_0_i_reg_5624              |   64|   0|   64|          0|
    |p_Val2_11_reg_4642          |   32|   0|   32|          0|
    |p_Val2_16_reg_5396          |   32|   0|   32|          0|
    |p_Val2_18_reg_889           |   32|   0|   32|          0|
    |p_Val2_1_48_reg_5500        |   31|   0|   31|          0|
    |p_Val2_22_reg_5402          |   32|   0|   32|          0|
    |p_Val2_25_reg_935           |   32|   0|   32|          0|
    |p_Val2_27_reg_5483          |   32|   0|   32|          0|
    |p_Val2_29_reg_5489          |   32|   0|   32|          0|
    |p_Val2_2_18_reg_4653        |   31|   0|   31|          0|
    |p_Val2_31_reg_5039          |   32|   0|   32|          0|
    |p_Val2_35_reg_5045          |   32|   0|   32|          0|
    |p_Val2_37_reg_1004          |   32|   0|   32|          0|
    |p_Val2_4_reg_5585           |   32|   0|   32|          0|
    |p_Val2_6_31_reg_5056        |   31|   0|   31|          0|
    |p_Val2_9_reg_4636           |   32|   0|   32|          0|
    |p_Val2_s_44_reg_5413        |   31|   0|   31|          0|
    |phi_mul1_reg_913            |   18|   0|   18|          0|
    |phi_mul2_reg_959            |   16|   0|   16|          0|
    |phi_mul3_reg_1029           |   16|   0|   16|          0|
    |phi_mul_reg_844             |    9|   0|    9|          0|
    |reg_1094                    |   32|   0|   32|          0|
    |reg_1098                    |   32|   0|   32|          0|
    |reg_1103                    |   64|   0|   64|          0|
    |rev1_reg_5390               |    1|   0|    1|          0|
    |rev2_reg_5477               |    1|   0|    1|          0|
    |rev3_reg_5033               |    1|   0|    1|          0|
    |rev_reg_4630                |    1|   0|    1|          0|
    |row2_reg_902                |    9|   0|    9|          0|
    |row3_reg_630                |    4|   0|    4|          0|
    |row4_reg_948                |    7|   0|    7|          0|
    |row5_reg_1017               |    7|   0|    7|          0|
    |row8_reg_710                |    4|   0|    4|          0|
    |row_1_reg_4556              |    5|   0|    5|          0|
    |row_2_reg_4926              |    4|   0|    4|          0|
    |row_3_reg_4708              |    4|   0|    4|          0|
    |row_4_reg_5358              |    9|   0|    9|          0|
    |row_5_reg_5445              |    7|   0|    7|          0|
    |row_6_reg_5532              |    7|   0|    7|          0|
    |row_reg_574                 |    5|   0|    5|          0|
    |sample1_reg_744             |    3|   0|    3|          0|
    |sample_reg_4975             |    3|   0|    3|          0|
    |sel_tmp14_reg_4864          |    1|   0|    1|          0|
    |sel_tmp24_reg_5261          |    1|   0|    1|          0|
    |sel_tmp29_reg_5267          |    1|   0|    1|          0|
    |sel_tmp3_reg_4858           |    1|   0|    1|          0|
    |sel_tmp46_reg_5607          |    1|   0|    1|          0|
    |sh_amt_1_reg_5177           |   12|   0|   12|          0|
    |sh_amt_reg_4774             |   12|   0|   12|          0|
    |sh_assign_1_reg_5569        |    6|   0|    6|          0|
    |storemerge1_reg_4648        |   32|   0|   32|          0|
    |storemerge5_reg_5051        |   32|   0|   32|          0|
    |storemerge6_reg_5574        |   32|   0|   32|          0|
    |tmp112_cast_reg_5309        |    5|   0|    9|          4|
    |tmp_104_reg_4831            |    1|   0|    1|          0|
    |tmp_107_reg_5098            |   14|   0|   17|          3|
    |tmp_10_reg_4713             |    4|   0|    5|          1|
    |tmp_111_reg_5103            |   14|   0|   15|          1|
    |tmp_114_reg_4746            |   15|   0|   15|          0|
    |tmp_11_reg_4677             |   63|   0|   64|          1|
    |tmp_120_reg_5234            |    1|   0|    1|          0|
    |tmp_126_reg_4757            |   52|   0|   52|          0|
    |tmp_12_reg_4723             |    1|   0|    1|          0|
    |tmp_130_reg_5650            |    1|   0|    1|          0|
    |tmp_133_reg_4846            |   32|   0|   32|          0|
    |tmp_137_reg_5613            |    1|   0|    1|          0|
    |tmp_139_reg_4786            |    7|   0|    7|          0|
    |tmp_143_reg_4741            |   15|   0|   17|          2|
    |tmp_148_reg_4592            |   14|   0|   14|          0|
    |tmp_151_reg_4597            |   25|   0|   25|          0|
    |tmp_152_reg_4612            |    6|   0|    6|          0|
    |tmp_153_reg_4617            |    1|   0|    1|          0|
    |tmp_154_reg_4624            |    1|   0|    1|          0|
    |tmp_159_reg_5304            |   14|   0|   15|          1|
    |tmp_15_cast1_reg_5340       |    7|   0|   19|         12|
    |tmp_173_reg_5378            |    1|   0|    1|          0|
    |tmp_174_reg_5385            |    1|   0|    1|          0|
    |tmp_176_reg_5149            |   15|   0|   15|          0|
    |tmp_179_reg_5160            |   52|   0|   52|          0|
    |tmp_17_cast_reg_4574        |    3|   0|   14|         11|
    |tmp_17_reg_4548             |   15|   0|   17|          2|
    |tmp_180_reg_5249            |   32|   0|   32|          0|
    |tmp_181_reg_5189            |    7|   0|    7|          0|
    |tmp_185_reg_5144            |   15|   0|   17|          2|
    |tmp_18_reg_4579             |    5|   0|    5|          0|
    |tmp_193_reg_5465            |    1|   0|    1|          0|
    |tmp_194_reg_5472            |    1|   0|    1|          0|
    |tmp_198_reg_4980            |   64|   0|   64|          0|
    |tmp_202_reg_4996            |   14|   0|   14|          0|
    |tmp_203_reg_5001            |   12|   0|   12|          0|
    |tmp_208_reg_4986            |   11|   0|   11|          0|
    |tmp_209_reg_4991            |   14|   0|   14|          0|
    |tmp_20_reg_5093             |    3|   0|    4|          1|
    |tmp_211_reg_5006            |   15|   0|   15|          0|
    |tmp_213_reg_5021            |    1|   0|    1|          0|
    |tmp_214_reg_5028            |    1|   0|    1|          0|
    |tmp_226_reg_5552            |    6|   0|    6|          0|
    |tmp_23_cast1_reg_5426       |    7|   0|   19|         12|
    |tmp_24_reg_4895             |   63|   0|   64|          1|
    |tmp_25_reg_4900             |   62|   0|   64|          2|
    |tmp_28_reg_4905             |   31|   0|   31|          0|
    |tmp_2_reg_4525              |   63|   0|   64|          1|
    |tmp_32_reg_5116             |    3|   0|    4|          1|
    |tmp_34_reg_5126             |    1|   0|    1|          0|
    |tmp_37_reg_4695             |   14|   0|   17|          3|
    |tmp_38_cast_reg_4944        |    3|   0|   14|         11|
    |tmp_3_reg_4530              |   62|   0|   64|          2|
    |tmp_40_reg_4949             |    4|   0|   64|         60|
    |tmp_44_reg_4762             |    1|   0|    1|          0|
    |tmp_45_reg_4768             |    1|   0|    1|          0|
    |tmp_50_reg_4780             |    1|   0|    1|          0|
    |tmp_52_reg_4700             |   14|   0|   15|          1|
    |tmp_53_reg_4852             |    1|   0|    1|          0|
    |tmp_54_reg_5322             |    9|   0|    9|          0|
    |tmp_58_reg_4962             |    3|   0|   64|         61|
    |tmp_5_reg_4535              |   31|   0|   31|          0|
    |tmp_60_cast_reg_4967        |    4|   0|   15|         11|
    |tmp_60_reg_5074             |   62|   0|   64|          2|
    |tmp_61_reg_5080             |   63|   0|   64|          1|
    |tmp_64_reg_4804             |    1|   0|    1|          0|
    |tmp_66_reg_5597             |    1|   0|    1|          0|
    |tmp_76_reg_4918             |   15|   0|   17|          2|
    |tmp_77_reg_5165             |    1|   0|    1|          0|
    |tmp_7_reg_4690              |    4|   0|    5|          1|
    |tmp_86_reg_5591             |    1|   0|    1|          0|
    |tmp_88_reg_5171             |    1|   0|    1|          0|
    |tmp_91_reg_5183             |    1|   0|    1|          0|
    |tmp_93_reg_5291             |   63|   0|   64|          1|
    |tmp_96_reg_5207             |    1|   0|    1|          0|
    |tmp_97_reg_5255             |    1|   0|    1|          0|
    |tmp_reg_4501                |   25|   0|   25|          0|
    |tmp_s_reg_4671              |   62|   0|   64|          2|
    |v_assign_1_reg_789          |   64|   0|   64|          0|
    |v_assign_reg_642            |   64|   0|   64|          0|
    |weight_3_reg_5547           |    8|   0|    8|          0|
    +----------------------------+-----+----+-----+-----------+
    |Total                       | 3788|   0| 4033|        245|
    +----------------------------+-----+----+-----+-----------+



================================================================
== Interface
================================================================
* Summary: 
+----------------------+-----+-----+------------+--------------+--------------+
|       RTL Ports      | Dir | Bits|  Protocol  | Source Object|    C Type    |
+----------------------+-----+-----+------------+--------------+--------------+
|ap_clk                |  in |    1| ap_ctrl_hs |  lenet5_ap2  | return value |
|ap_rst                |  in |    1| ap_ctrl_hs |  lenet5_ap2  | return value |
|ap_start              |  in |    1| ap_ctrl_hs |  lenet5_ap2  | return value |
|ap_done               | out |    1| ap_ctrl_hs |  lenet5_ap2  | return value |
|ap_idle               | out |    1| ap_ctrl_hs |  lenet5_ap2  | return value |
|ap_ready              | out |    1| ap_ctrl_hs |  lenet5_ap2  | return value |
|ap_return             | out |   32| ap_ctrl_hs |  lenet5_ap2  | return value |
|index                 |  in |   32|   ap_none  |     index    |    scalar    |
|conv_bias_V_address0  | out |    6|  ap_memory |  conv_bias_V |     array    |
|conv_bias_V_ce0       | out |    1|  ap_memory |  conv_bias_V |     array    |
|conv_bias_V_q0        |  in |   32|  ap_memory |  conv_bias_V |     array    |
|conv_dot_V_address0   | out |   16|  ap_memory |  conv_dot_V  |     array    |
|conv_dot_V_ce0        | out |    1|  ap_memory |  conv_dot_V  |     array    |
|conv_dot_V_we0        | out |    1|  ap_memory |  conv_dot_V  |     array    |
|conv_dot_V_d0         | out |   32|  ap_memory |  conv_dot_V  |     array    |
|conv_dot_V_q0         |  in |   32|  ap_memory |  conv_dot_V  |     array    |
|conv_weight_address0  | out |   13|  ap_memory |  conv_weight |     array    |
|conv_weight_ce0       | out |    1|  ap_memory |  conv_weight |     array    |
|conv_weight_q0        |  in |    8|  ap_memory |  conv_weight |     array    |
|in_V_address0         | out |   24|  ap_memory |     in_V     |     array    |
|in_V_ce0              | out |    1|  ap_memory |     in_V     |     array    |
|in_V_q0               |  in |   32|  ap_memory |     in_V     |     array    |
|pool_dot_V_address0   | out |   14|  ap_memory |  pool_dot_V  |     array    |
|pool_dot_V_ce0        | out |    1|  ap_memory |  pool_dot_V  |     array    |
|pool_dot_V_we0        | out |    1|  ap_memory |  pool_dot_V  |     array    |
|pool_dot_V_d0         | out |   32|  ap_memory |  pool_dot_V  |     array    |
|pool_dot_V_q0         |  in |   32|  ap_memory |  pool_dot_V  |     array    |
|fc_in_V_address0      | out |    9|  ap_memory |    fc_in_V   |     array    |
|fc_in_V_ce0           | out |    1|  ap_memory |    fc_in_V   |     array    |
|fc_in_V_we0           | out |    1|  ap_memory |    fc_in_V   |     array    |
|fc_in_V_d0            | out |   32|  ap_memory |    fc_in_V   |     array    |
|fc_in_V_q0            |  in |   32|  ap_memory |    fc_in_V   |     array    |
|fc_dot_V_address0     | out |    2|  ap_memory |   fc_dot_V   |     array    |
|fc_dot_V_ce0          | out |    1|  ap_memory |   fc_dot_V   |     array    |
|fc_dot_V_we0          | out |    1|  ap_memory |   fc_dot_V   |     array    |
|fc_dot_V_d0           | out |    0|  ap_memory |   fc_dot_V   |     array    |
|fc_dot_V_q0           |  in |    0|  ap_memory |   fc_dot_V   |     array    |
|fc_dot_V_address1     | out |    2|  ap_memory |   fc_dot_V   |     array    |
|fc_dot_V_ce1          | out |    1|  ap_memory |   fc_dot_V   |     array    |
|fc_dot_V_we1          | out |    1|  ap_memory |   fc_dot_V   |     array    |
|fc_dot_V_d1           | out |    0|  ap_memory |   fc_dot_V   |     array    |
|fc_dot_V_q1           |  in |    0|  ap_memory |   fc_dot_V   |     array    |
|fc_weight_address0    | out |   20|  ap_memory |   fc_weight  |     array    |
|fc_weight_ce0         | out |    1|  ap_memory |   fc_weight  |     array    |
|fc_weight_q0          |  in |    8|  ap_memory |   fc_weight  |     array    |
|fc_bias_V_address0    | out |    9|  ap_memory |   fc_bias_V  |     array    |
|fc_bias_V_ce0         | out |    1|  ap_memory |   fc_bias_V  |     array    |
|fc_bias_V_q0          |  in |   32|  ap_memory |   fc_bias_V  |     array    |
+----------------------+-----+-----+------------+--------------+--------------+

