INFO: [SIM 2] *************** CSIM start ***************
INFO: [SIM 4] CSIM will launch GCC as the compiler.
   Compiling ../../../source/simple_convnet_tb.cpp in release mode
   Compiling ../../../source/func.cpp in release mode
   Compiling ../../../source/init.cpp in release mode
   Compiling ../../../source/simple_convnet.cpp in release mode
   Generating csim.exe
Initializing...
Initialize Finished!
----------Epoch1----------
0: -30.733603
1: -16.528378
2: -7.261115
3: 4.178621
4: -9.654117
5: -16.159095
6: -38.488430
7: 24.204709
8: -18.665038
9: 7.263375
  0 result:7, answer:7
0: 2.020216
1: 4.474987
2: 48.147297
3: -38.029473
4: -11.716957
5: -53.935039
6: -14.321015
7: -12.998924
8: -34.928168
9: -42.744227
  1 result:2, answer:2
0: -13.229154
1: 12.582649
2: -10.032731
3: -6.800775
4: -1.530778
5: -5.196271
6: -8.862538
7: -0.238429
8: -3.520901
9: -2.454247
  2 result:1, answer:1
0: 23.458296
1: -11.693503
2: -1.704998
3: -11.538509
4: -8.177732
5: -12.857925
6: -0.317982
7: -21.087966
8: -7.132997
9: -10.254305
  3 result:0, answer:0
0: -7.481027
1: -16.558891
2: -3.344491
3: -15.610839
4: 18.731967
5: -9.451005
6: -14.811049
7: 0.559989
8: -26.694591
9: 3.051593
  4 result:4, answer:4
0: -15.875221
1: 19.005006
2: -14.144181
3: -9.019545
4: -3.588752
5: -6.305603
6: -10.622882
7: -0.643508
8: -7.131048
9: -4.672471
  5 result:1, answer:1
0: -35.172428
1: -11.269487
2: -11.379019
3: -25.512543
4: 14.047287
5: 1.659997
6: -16.684494
7: -13.645609
8: 8.882187
9: 5.786954
  6 result:4, answer:4
0: -31.258732
1: -28.722414
2: -6.514439
3: -5.812341
4: -8.354077
5: -4.557256
6: -41.055970
7: -8.730068
8: -0.919419
9: 16.677951
  7 result:9, answer:9
0: 3.500838
1: -13.957250
2: -21.311947
3: -14.354408
4: -29.868639
5: 30.153095
6: -11.079053
7: -21.920632
8: 0.180573
9: -6.826099
  8 result:5, answer:5
0: -36.222186
1: -20.868894
2: -13.938372
3: -7.177956
4: 1.314662
5: -2.262823
6: -43.457861
7: 6.201035
8: -8.395244
9: 17.020264
  9 result:9, answer:9
0: 33.589584
1: -22.794044
2: 4.902509
3: -19.069821
4: -16.888688
5: -21.165322
6: -1.181739
7: -24.162863
8: 1.419982
9: -8.566065
 10 result:0, answer:0
0: 11.577539
1: -24.383682
2: -16.288865
3: -12.577407
4: -6.753918
5: -8.880967
6: 30.324590
7: -28.872528
8: 0.839724
9: -23.736077
 11 result:6, answer:6
0: -27.360318
1: -12.427192
2: -20.174545
3: -6.663675
4: 2.164216
5: 4.906979
6: -22.128975
7: -2.807614
8: -2.012343
9: 13.066733
 12 result:9, answer:9
0: 30.434673
1: -18.986488
2: 4.523398
3: -17.587730
4: -7.714414
5: -20.188093
6: -1.006143
7: -19.111265
8: -2.376837
9: -5.712041
 13 result:0, answer:0
0: -9.696667
1: 18.239608
2: -14.135591
3: -11.189872
4: -7.660005
5: 4.101627
6: -11.252547
7: -2.867892
8: -3.999654
9: -1.525215
 14 result:1, answer:1
0: -2.175896
1: -2.628395
2: -12.732850
3: -1.800529
4: -37.857650
5: 28.248446
6: -6.648053
7: -8.004511
8: -6.966106
9: -20.227327
 15 result:5, answer:5
0: -15.432051
1: -30.368769
2: -16.972378
3: -4.745789
4: -4.365290
5: -0.786290
6: -31.286452
7: -2.119318
8: -5.333436
9: 20.733581
 16 result:9, answer:9
0: -26.722622
1: -26.756199
2: -10.398428
3: -5.862022
4: -14.938211
5: -16.261152
6: -51.134430
7: 30.958298
8: -24.819674
9: 9.500773
 17 result:7, answer:7
0: -11.056988
1: -9.773316
2: 2.401231
3: 5.830873
4: -9.265127
5: -3.876998
6: -1.996108
7: -2.319228
8: 14.461625
9: -9.973361
 18 result:8, answer:3
0: -28.642471
1: -7.168414
2: -2.628147
3: -17.892162
4: 18.782636
5: -2.195660
6: -9.577207
7: -2.959102
8: -16.737740
9: 0.212371
 19 result:4, answer:4
0: -27.575392
1: -22.516660
2: -12.726667
3: -5.173055
4: 2.723433
5: 1.022438
6: -32.264599
7: -3.247180
8: -12.195435
9: 17.673673
 20 result:9, answer:9
0: -0.458865
1: -19.919030
2: -8.033937
3: -12.090847
4: -13.525297
5: 3.475220
6: 17.460120
7: -24.309381
8: 0.256785
9: -11.757282
 21 result:6, answer:6
0: 4.295084
1: -3.788291
2: -14.900802
3: -21.575647
4: 0.348745
5: -3.411229
6: 37.773886
7: -10.550937
8: -7.751114
9: -22.176342
 22 result:6, answer:6
0: -23.051030
1: -15.410091
2: -23.218901
3: -0.331177
4: -35.511313
5: 36.210527
6: -15.645208
7: -24.878686
8: -8.141346
9: -12.407849
 23 result:5, answer:5
0: -19.520541
1: -4.995802
2: -4.566044
3: -16.267795
4: 14.437063
5: -0.095785
6: -11.982030
7: -4.850520
8: -21.517769
9: -0.244652
 24 result:4, answer:4
0: 36.813147
1: -22.326603
2: 10.508643
3: -17.068666
4: -14.095018
5: -24.982994
6: -0.456512
7: -41.063485
8: -5.552536
9: -11.970229
 25 result:0, answer:0
0: -10.589462
1: -16.022500
2: -13.771082
3: -9.387971
4: -2.428226
5: -7.934362
6: -37.368399
7: 21.009061
8: -17.817610
9: 6.028743
 26 result:7, answer:7
0: -31.349751
1: -8.047104
2: -7.281096
3: -23.097981
4: 27.491478
5: -4.974120
6: -15.435862
7: -0.107714
8: -31.435218
9: 0.083769
 27 result:4, answer:4
0: 26.671699
1: -7.629383
2: 12.526563
3: -18.106765
4: -7.815846
5: -19.054750
6: -0.830464
7: -22.421978
8: 1.264894
9: -4.922834
 28 result:0, answer:0
0: -16.674553
1: 23.899506
2: -11.694927
3: -12.028162
4: -6.709249
5: -10.600501
6: -21.581112
7: 5.820663
8: -5.292030
9: -3.467886
 29 result:1, answer:1
0: -41.588432
1: -3.346375
2: -11.831218
3: 21.632035
4: -3.863810
5: -4.558804
6: -35.965584
7: 5.200059
8: -18.082430
9: 1.833695
 30 result:3, answer:3
0: -17.197217
1: 18.010153
2: -13.474613
3: -16.157156
4: -4.840983
5: 0.427441
6: -17.857706
7: 7.361591
8: -4.700888
9: 1.329948
 31 result:1, answer:1
0: -32.438658
1: 2.552102
2: -3.222574
3: 19.669286
4: -3.805676
5: -2.343388
6: -14.795037
7: 1.976686
8: -7.101081
9: -4.230915
 32 result:3, answer:3
0: -0.057985
1: -7.789327
2: 10.117257
3: -28.935086
4: 23.161805
5: -19.757481
6: -17.483757
7: -18.370110
8: -32.890481
9: -6.738293
 33 result:4, answer:4
0: -28.240151
1: -0.464255
2: 4.029698
3: 1.247042
4: -5.850234
5: -33.648407
6: -27.936512
7: 22.306333
8: -11.380395
9: 0.441293
 34 result:7, answer:7
0: 7.153350
1: 6.676890
2: 36.815336
3: -22.933990
4: -12.553849
5: -37.264286
6: -25.046348
7: 4.640647
8: -27.546691
9: -16.486126
 35 result:2, answer:2
0: -17.707370
1: -2.608822
2: 1.253954
3: -5.434293
4: -7.501655
5: -22.715146
6: -14.231284
7: 19.854697
8: -9.577876
9: 1.940976
 36 result:7, answer:7
0: -14.712947
1: 20.838453
2: -11.913469
3: -15.597299
4: -5.912789
5: -3.320241
6: -13.335133
7: 3.464841
8: -4.606719
9: -2.780892
 37 result:1, answer:1
0: 1.330932
1: 11.547171
2: 24.661626
3: -18.255221
4: -11.162825
5: -29.675488
6: -14.141503
7: 7.043915
8: -14.341526
9: -22.195801
 38 result:2, answer:2
0: -8.347497
1: 18.972501
2: -15.338284
3: -13.712728
4: -7.124774
5: -3.945535
6: -1.197157
7: -4.068553
8: -6.736132
9: -11.994031
 39 result:1, answer:1
0: -13.760243
1: 15.888685
2: -9.575313
3: -11.184312
4: -3.837661
5: -4.757197
6: -15.717238
7: 1.914920
8: -1.245122
9: -1.774414
 40 result:1, answer:1
0: -20.263005
1: 2.286979
2: 4.105885
3: 1.434537
4: -9.954133
5: -20.694553
6: -23.526933
7: 16.110310
8: -4.029319
9: -1.158071
 41 result:7, answer:7
0: -18.375271
1: -8.488183
2: -10.491947
3: -9.176004
4: 7.872388
5: 2.171458
6: -6.483119
7: 0.403109
8: -10.308384
9: -0.093425
 42 result:4, answer:4
0: -8.442690
1: -5.452696
2: 27.152466
3: -9.306667
4: 10.308226
5: -39.818423
6: -3.513795
7: -23.898017
8: -10.924964
9: -17.581921
 43 result:2, answer:2
0: -20.672723
1: -0.757235
2: -6.376498
3: 15.374683
4: -7.879200
5: 0.133611
6: -17.675550
7: -4.720543
8: -4.948253
9: -4.732144
 44 result:3, answer:3
0: -12.228197
1: -29.140817
2: -19.007034
3: -2.485776
4: -22.946003
5: 26.731994
6: -0.635018
7: -25.091890
8: -1.154165
9: -12.615665
 45 result:5, answer:5
0: -14.686022
1: 19.502954
2: -7.623548
3: -14.758544
4: -7.494352
5: -11.446043
6: -16.910164
7: 2.614555
8: 1.654886
9: -3.735495
 46 result:1, answer:1
0: -20.885268
1: 3.768432
2: 37.981977
3: -9.778581
4: -15.870677
5: -19.392537
6: -15.429863
7: -7.169917
8: -11.836247
9: -31.198209
 47 result:2, answer:2
0: -19.434433
1: -15.284512
2: -11.651551
3: -9.431137
4: 7.498372
5: 3.280152
6: -15.515815
7: -4.074756
8: -7.131878
9: 7.945321
 48 result:9, answer:4
0: -17.152255
1: -13.691930
2: -4.792965
3: -26.955415
4: 25.787301
5: -10.582243
6: -16.599831
7: 7.011594
8: -31.546911
9: -3.264273
 49 result:4, answer:4
0: -6.166533
1: -23.274289
2: -8.130194
3: -23.003720
4: -12.413132
5: 2.067147
6: 34.472512
7: -41.720690
8: -1.411041
9: -27.480287
 50 result:6, answer:6
0: -30.553669
1: -6.640940
2: 4.128361
3: 18.731136
4: -6.779177
5: -8.710625
6: -8.290327
7: 6.201246
8: 0.500425
9: -11.501276
 51 result:3, answer:3
0: -18.791811
1: -17.049030
2: -24.947197
3: -6.316696
4: -30.719637
5: 40.904503
6: -7.766802
7: -30.466962
8: -0.957672
9: -14.028772
 52 result:5, answer:5
0: -6.601590
1: -10.713249
2: -12.814273
3: -0.564187
4: -31.021373
5: 24.180136
6: -10.589936
7: -11.799418
8: -6.459887
9: -11.734137
 53 result:5, answer:5
0: 10.968387
1: -29.613101
2: -35.212957
3: -24.849764
4: -20.067756
5: -9.037994
6: 59.600898
7: -24.883812
8: -2.558877
9: -36.583060
 54 result:6, answer:6
0: 28.594620
1: -16.996245
2: 8.820225
3: -16.456655
4: -4.937787
5: -17.424602
6: 1.720172
7: -29.626168
8: 0.603226
9: -2.942017
 55 result:0, answer:0
0: -16.771872
1: -3.018007
2: -5.319327
3: -17.316584
4: 18.303683
5: -3.397227
6: -12.579212
7: 8.739532
8: -23.339538
9: -4.879112
 56 result:4, answer:4
0: -13.862559
1: 17.329017
2: -13.259456
3: -7.673850
4: -2.978804
5: -1.861134
6: -9.827915
7: -3.724656
8: -4.370445
9: -4.386146
 57 result:1, answer:1
0: -30.201801
1: -32.290006
2: -17.389482
3: -8.845626
4: 2.917004
5: 3.257230
6: -39.760178
7: -4.567433
8: -5.583902
9: 20.490555
 58 result:9, answer:9
0: -11.766161
1: -22.191825
2: -18.088151
3: -15.968961
4: -18.878488
5: 22.396775
6: -29.196874
7: 0.279173
8: -5.370588
9: 5.678187
 59 result:5, answer:5
0: -8.697775
1: -27.714320
2: -14.639971
3: -16.732261
4: -15.564549
5: -16.634123
6: -60.317007
7: 43.374260
8: -37.147348
9: 2.901280
 60 result:7, answer:7
0: -5.349447
1: -20.966358
2: 4.074819
3: -1.118598
4: -13.704770
5: -10.920375
6: -17.409929
7: -6.799740
8: 18.845288
9: 4.443635
 61 result:8, answer:8
0: -8.385701
1: -10.504637
2: -8.673037
3: -3.536579
4: -6.877698
5: 2.310885
6: -19.458793
7: -1.984594
8: -2.080728
9: 6.277069
 62 result:9, answer:9
0: -27.233073
1: -2.045704
2: 9.479041
3: 20.803453
4: -22.388498
5: -2.172764
6: -33.326227
7: -3.148465
8: 3.904520
9: -3.128757
 63 result:3, answer:3
0: -43.830849
1: -19.428677
2: 2.171261
3: 3.725931
4: 7.392218
5: -32.246161
6: -41.561241
7: 25.624683
8: -19.620945
9: 12.069024
 64 result:7, answer:7
0: -17.885904
1: -5.701453
2: -3.085800
3: -9.860080
4: 13.445199
5: 0.942692
6: -0.267819
7: -8.547369
8: -13.945571
9: -1.560007
 65 result:4, answer:4
0: 4.800951
1: 0.406831
2: -4.578064
3: -12.585291
4: 2.995754
5: -5.260442
6: 21.007331
7: -12.323509
8: -3.601417
9: -11.914774
 66 result:6, answer:6
0: -7.757177
1: -18.713588
2: -12.285025
3: -19.623548
4: 13.337122
5: -0.648409
6: -4.091194
7: -0.929168
8: -20.431720
9: 3.268774
 67 result:4, answer:4
0: -36.491511
1: 2.942533
2: -4.058386
3: 22.690550
4: -2.711397
5: -3.475882
6: -21.190560
7: 5.479015
8: -11.489942
9: -1.251891
 68 result:3, answer:3
0: 47.149668
1: -45.059642
2: -26.859733
3: -24.477978
4: -19.994970
5: -20.159485
6: 15.527695
7: -41.624842
8: -10.973777
9: -15.230345
 69 result:0, answer:0
0: -36.405885
1: -26.743399
2: -9.841321
3: -10.481245
4: -12.104860
5: -34.093436
6: -74.022953
7: 47.703586
8: -44.417173
9: 10.604497
 70 result:7, answer:7
0: 39.681092
1: -25.718028
2: 1.829938
3: -23.598969
4: -23.167921
5: -24.238695
6: -3.652683
7: -13.946844
8: -2.030731
9: -11.808353
 71 result:0, answer:0
0: 10.103193
1: -1.985834
2: 36.803961
3: -5.014015
4: -24.649073
5: -36.362323
6: -30.720117
7: -3.304156
8: -24.224544
9: -6.709900
 72 result:2, answer:2
0: -17.463940
1: -11.912276
2: -12.925283
3: -6.369635
4: -0.581115
5: -4.419246
6: -24.655203
7: 1.166542
8: 0.301694
9: 14.818993
 73 result:9, answer:9
0: -10.316743
1: 14.699288
2: -12.712233
3: -13.867229
4: -5.798922
5: 0.321186
6: -7.380560
7: -4.533251
8: -3.356200
9: -3.733907
 74 result:1, answer:1
0: -56.587817
1: -6.215810
2: -5.083830
3: 1.702371
4: 9.065796
5: -41.068998
6: -43.039924
7: 31.575710
8: -27.432948
9: 4.612505
 75 result:7, answer:7
0: -27.889478
1: 4.200002
2: -0.804750
3: 19.310889
4: -7.787676
5: -0.499461
6: -16.259409
7: 0.687532
8: -7.728574
9: -2.060215
 76 result:3, answer:3
0: 5.733272
1: 7.255011
2: 32.372313
3: -13.587384
4: -23.321387
5: -34.772125
6: -19.339537
7: 5.643935
8: -11.438769
9: -19.405540
 77 result:2, answer:2
0: -16.391942
1: -15.992387
2: -9.251698
3: -10.523171
4: 5.170950
5: 0.597862
6: -13.575017
7: -4.179018
8: -1.692371
9: 8.708374
 78 result:9, answer:9
0: -20.429885
1: -18.298294
2: -1.664474
3: -5.014418
4: -4.654653
5: -17.296962
6: -36.100615
7: 14.227150
8: -12.250118
9: 6.483079
 79 result:7, answer:7
0: -6.803208
1: -24.045881
2: -22.695446
3: -6.993065
4: -3.029521
5: -0.926008
6: -34.912689
7: 20.755829
8: -20.856666
9: 9.071764
 80 result:7, answer:7
0: 1.443298
1: -9.638063
2: -9.198691
3: -18.168382
4: -7.063895
5: -1.183519
6: 21.651780
7: -24.381149
8: -1.323510
9: -14.153737
 81 result:6, answer:6
0: -12.698464
1: 6.225636
2: 47.253229
3: -13.997572
4: -19.612960
5: -30.468684
6: -24.848747
7: -2.737624
8: -14.633675
9: -27.354912
 82 result:2, answer:2
0: -13.837388
1: -17.808024
2: -18.293651
3: -3.560751
4: -7.798827
5: -8.960336
6: -31.430739
7: 27.674141
8: -19.564174
9: 2.277197
 83 result:7, answer:7
0: -13.791806
1: -9.423381
2: -9.709574
3: -10.088186
4: -1.405807
5: 2.004137
6: -4.123183
7: -7.203127
8: 16.220901
9: -1.456703
 84 result:8, answer:8
0: -18.741393
1: -5.981270
2: -4.307380
3: -13.202074
4: 17.199652
5: -3.780820
6: -8.194837
7: 4.983169
8: -23.217431
9: -6.392949
 85 result:4, answer:4
0: -33.234737
1: -9.049796
2: -10.873955
3: -1.991375
4: -0.452216
5: -24.025794
6: -39.244904
7: 19.811445
8: -14.602795
9: 6.447201
 86 result:7, answer:7
0: -10.994774
1: -0.043376
2: -1.967345
3: 9.117095
4: -6.347882
5: 0.576531
6: -6.760903
7: -1.239425
8: 0.944594
9: -5.559366
 87 result:3, answer:3
0: 3.226227
1: 0.046526
2: -9.600090
3: -34.630916
4: 8.177270
5: -10.689733
6: 42.617835
7: -18.953460
8: -20.836252
9: -21.033490
 88 result:6, answer:6
0: -4.519021
1: 11.102557
2: -10.285147
3: -6.085604
4: -4.848820
5: -0.683210
6: -0.917865
7: -2.405627
8: -4.085605
9: -6.471843
 89 result:1, answer:1
0: -33.895737
1: -4.968726
2: -8.869837
3: 22.384151
4: -7.359064
5: -3.193861
6: -22.128095
7: 1.278588
8: -3.521143
9: -0.974292
 90 result:3, answer:3
0: -6.161662
1: -10.593354
2: -11.789994
3: -23.621256
4: -8.237657
5: 2.220705
6: 33.494888
7: -27.030116
8: -2.468948
9: -24.102448
 91 result:6, answer:6
0: -19.420359
1: -10.120796
2: -13.628937
3: -15.560167
4: 1.059597
5: 1.009735
6: -12.246081
7: 1.937060
8: -2.785487
9: 7.103115
 92 result:9, answer:9
0: -19.950436
1: -3.279613
2: -10.139266
3: 14.012452
4: -4.670252
5: -3.324051
6: -25.620610
7: -0.034690
8: -8.458246
9: 4.175556
 93 result:3, answer:3
0: -9.243081
1: 12.767807
2: -4.942109
3: -7.426705
4: -5.035993
5: -14.626131
6: -13.389213
7: 0.756345
8: 3.441150
9: -1.466421
 94 result:1, answer:1
0: -0.541994
1: -0.431290
2: -4.108582
3: -2.944885
4: 0.752023
5: 1.396894
6: 0.288283
7: -1.792251
8: 1.814095
9: 0.538506
 95 result:8, answer:4
0: -13.178045
1: 12.786642
2: -11.618582
3: -8.295300
4: -6.162440
5: -2.197018
6: -15.270528
7: 4.293527
8: 2.993937
9: 1.972929
 96 result:1, answer:1
0: -30.927764
1: 4.008536
2: 13.308398
3: -0.640785
4: 4.608828
5: -45.630840
6: -18.551091
7: 20.164978
8: -10.099079
9: -11.810497
 97 result:7, answer:7
0: 9.812371
1: -20.157891
2: -13.636385
3: -20.236690
4: -20.034903
5: -1.697429
6: 25.893430
7: -41.196082
8: 6.794895
9: -21.720636
 98 result:6, answer:6
0: -20.687922
1: -35.402915
2: -15.156968
3: -5.809673
4: -0.460327
5: -2.130925
6: -42.929456
7: -3.433511
8: -8.549108
9: 21.781692
 99 result:9, answer:9
accuracy:97/100
clock time = 0.887705
init_time:    0.774701676
nn_time  :    0.112989334
all_time :    0.887691135
INFO: [SIM 1] CSim done with 0 errors.
INFO: [SIM 3] *************** CSIM finish ***************
